[19:56:10.033][info] [#0:/home/shared/.local/share/nvim/mason/packages/lua-language-server/libexec/main.lua:66]: Lua Lsp startup, root: 	/home/shared/.local/share/nvim/mason/packages/lua-language-server/libexec
[19:56:10.033][info] [#0:/home/shared/.local/share/nvim/mason/packages/lua-language-server/libexec/main.lua:67]: ROOT:	/home/shared/.local/share/nvim/mason/packages/lua-language-server/libexec
[19:56:10.033][info] [#0:/home/shared/.local/share/nvim/mason/packages/lua-language-server/libexec/main.lua:68]: LOGPATH:	/home/shared/.local/share/nvim/mason/packages/lua-language-server/libexec/log
[19:56:10.033][info] [#0:/home/shared/.local/share/nvim/mason/packages/lua-language-server/libexec/main.lua:69]: METAPATH:	/home/shared/.local/share/nvim/mason/packages/lua-language-server/libexec/meta
[19:56:10.034][info] [#0:/home/shared/.local/share/nvim/mason/packages/lua-language-server/libexec/main.lua:70]: VERSION:	3.6.23
[19:56:10.078][info] [#0:script/service/service.lua:144]: 
========= Medical Examination Report =========
    --------------- Memory ---------------
        Total: 1.319 MB
        # 00 : 1.319 MB
        # 01 : 0.000 MB
        # 02 : 0.000 MB
        # 03 : 0.000 MB
        # 04 : 0.000 MB
    --------------- Coroutine ---------------
        Total:     0
        Running:   0
        Suspended: 0
        Normal:    0
        Dead:      0
    --------------- Cache ---------------
        Total: 1
        Dead:  0
    ---------------  RPC  ---------------
        Holdon:   0
        Waiting:  0
==============================================
[19:56:10.085][info] [#0:script/client.lua:657]: Client init	{
  capabilities = {
    textDocument = {
      callHierarchy = {
        dynamicRegistration = false
      },
      codeAction = {
        codeActionLiteralSupport = {
          codeActionKind = {
            valueSet = { "", "quickfix", "refactor", "refactor.extract", "refactor.inline", "refactor.rewrite", "source", "source.organizeImports" }
          }
        },
        dataSupport = true,
        dynamicRegistration = false,
        isPreferredSupport = true,
        resolveSupport = {
          properties = { "edit" }
        }
      },
      completion = {
        completionItem = {
          commitCharactersSupport = true,
          deprecatedSupport = true,
          documentationFormat = { "markdown", "plaintext" },
          insertReplaceSupport = true,
          labelDetailsSupport = true,
          preselectSupport = true,
          resolveSupport = {
            properties = { "documentation", "detail", "additionalTextEdits" }
          },
          snippetSupport = true,
          tagSupport = {
            valueSet = { 1 }
          }
        },
        completionItemKind = {
          valueSet = { 1, 2, 3, 4, 5, 6, 7, 8, 9, 10, 11, 12, 13, 14, 15, 16, 17, 18, 19, 20, 21, 22, 23, 24, 25 }
        },
        contextSupport = false,
        dynamicRegistration = false
      },
      declaration = {
        linkSupport = true
      },
      definition = {
        linkSupport = true
      },
      documentHighlight = {
        dynamicRegistration = false
      },
      documentSymbol = {
        dynamicRegistration = false,
        hierarchicalDocumentSymbolSupport = true,
        symbolKind = {
          valueSet = { 1, 2, 3, 4, 5, 6, 7, 8, 9, 10, 11, 12, 13, 14, 15, 16, 17, 18, 19, 20, 21, 22, 23, 24, 25, 26 }
        }
      },
      hover = {
        contentFormat = { "markdown", "plaintext" },
        dynamicRegistration = false
      },
      implementation = {
        linkSupport = true
      },
      publishDiagnostics = {
        relatedInformation = true,
        tagSupport = {
          valueSet = { 1, 2 }
        }
      },
      references = {
        dynamicRegistration = false
      },
      rename = {
        dynamicRegistration = false,
        prepareSupport = true
      },
      semanticTokens = {
        augmentsSyntaxTokens = true,
        dynamicRegistration = false,
        formats = { "relative" },
        multilineTokenSupport = false,
        overlappingTokenSupport = true,
        requests = {
          full = {
            delta = true
          },
          range = false
        },
        serverCancelSupport = false,
        tokenModifiers = { "declaration", "definition", "readonly", "static", "deprecated", "abstract", "async", "modification", "documentation", "defaultLibrary" },
        tokenTypes = { "namespace", "type", "class", "enum", "interface", "struct", "typeParameter", "parameter", "variable", "property", "enumMember", "event", "function", "method", "macro", "keyword", "modifier", "comment", "string", "number", "regexp", "operator", "decorator" }
      },
      signatureHelp = {
        dynamicRegistration = false,
        signatureInformation = {
          activeParameterSupport = true,
          documentationFormat = { "markdown", "plaintext" },
          parameterInformation = {
            labelOffsetSupport = true
          }
        }
      },
      synchronization = {
        didSave = true,
        dynamicRegistration = false,
        willSave = true,
        willSaveWaitUntil = true
      },
      typeDefinition = {
        linkSupport = true
      }
    },
    window = {
      showDocument = {
        support = true
      },
      showMessage = {
        messageActionItem = {
          additionalPropertiesSupport = false
        }
      },
      workDoneProgress = true
    },
    workspace = {
      applyEdit = true,
      configuration = true,
      didChangeWatchedFiles = {
        dynamicRegistration = false,
        relativePatternSupport = true
      },
      semanticTokens = {
        refreshSupport = true
      },
      symbol = {
        dynamicRegistration = false,
        hierarchicalWorkspaceSymbolSupport = true,
        symbolKind = {
          valueSet = { 1, 2, 3, 4, 5, 6, 7, 8, 9, 10, 11, 12, 13, 14, 15, 16, 17, 18, 19, 20, 21, 22, 23, 24, 25, 26 }
        }
      },
      workspaceEdit = {
        resourceOperations = { "rename", "create", "delete" }
      },
      workspaceFolders = true
    }
  },
  clientInfo = {
    name = "Neovim",
    version = "0.9.1"
  },
  initializationOptions = {},
  processId = 144190,
  rootPath = "/home/shared/.local/share/nvim/lazy/base46",
  rootUri = "file:///home/shared/.local/share/nvim/lazy/base46",
  trace = "off",
  workspaceFolders = { {
      name = "/home/shared/.local/share/nvim/lazy/base46",
      uri = "file:///home/shared/.local/share/nvim/lazy/base46"
    } }
}
[19:56:10.085][info] [#0:script/language.lua:137]: VSC language: nil
[19:56:10.085][info] [#0:script/language.lua:138]: LS  language: en-us
[19:56:10.085][info] [#0:script/workspace/workspace.lua:38]: Workspace init root: 	file:///home/shared/.local/share/nvim/lazy/base46
[19:56:10.085][info] [#0:script/workspace/workspace.lua:42]: Log path: 	/home/shared/.local/share/nvim/mason/packages/lua-language-server/libexec/log/file_home_shared_.local_share_nvim_lazy_base46.log
[19:56:10.086][info] [#0:script/workspace/workspace.lua:48]: Workspace create: 	file:///home/shared/.local/share/nvim/lazy/base46
[19:56:10.089][info] [#0:script/provider/provider.lua:46]: Load config from client	file:///home/shared/.local/share/nvim/lazy/base46
[19:56:10.089][info] [#0:script/provider/provider.lua:47]: {
  Lua = {
    diagnostics = {
      globals = { "vim" }
    },
    telemetry = {
      enable = false
    },
    workspace = {
      library = {
        ["/home/baron/.local/share/nvim/lazy/extensions/nvchad_types"] = true,
        ["/home/baron/.local/share/nvim/lazy/lazy.nvim/lua/lazy"] = true,
        ["/usr/share/nvim/runtime/lua"] = true,
        ["/usr/share/nvim/runtime/lua/vim/lsp"] = true
      },
      maxPreload = 100000,
      preloadFileSize = 10000
    }
  }
}
[19:56:10.089][info] [#0:script/provider/provider.lua:46]: Load config from client	file:///home/shared/.local/share/nvim/lazy/base46
[19:56:10.089][info] [#0:script/provider/provider.lua:47]: {
  Lua = {
    diagnostics = {
      globals = { "vim" }
    },
    telemetry = {
      enable = false
    },
    workspace = {
      library = {
        ["/home/baron/.local/share/nvim/lazy/extensions/nvchad_types"] = true,
        ["/home/baron/.local/share/nvim/lazy/lazy.nvim/lua/lazy"] = true,
        ["/usr/share/nvim/runtime/lua"] = true,
        ["/usr/share/nvim/runtime/lua/vim/lsp"] = true
      },
      maxPreload = 100000,
      preloadFileSize = 10000
    }
  }
}
[19:56:10.089][info] [#0:script/provider/provider.lua:46]: Load config from client	file:///home/shared/.local/share/nvim/lazy/base46
[19:56:10.090][info] [#0:script/provider/provider.lua:47]: {
  Lua = {
    diagnostics = {
      globals = { "vim" }
    },
    telemetry = {
      enable = false
    },
    workspace = {
      library = {
        ["/home/baron/.local/share/nvim/lazy/extensions/nvchad_types"] = true,
        ["/home/baron/.local/share/nvim/lazy/lazy.nvim/lua/lazy"] = true,
        ["/usr/share/nvim/runtime/lua"] = true,
        ["/usr/share/nvim/runtime/lua/vim/lsp"] = true
      },
      maxPreload = 100000,
      preloadFileSize = 10000
    }
  }
}
[19:56:10.090][info] [#0:script/provider/provider.lua:61]: Load config from client	fallback
[19:56:10.090][info] [#0:script/provider/provider.lua:62]: {
  Lua = {
    diagnostics = {
      globals = { "vim" }
    },
    telemetry = {
      enable = false
    },
    workspace = {
      library = {
        ["/home/baron/.local/share/nvim/lazy/extensions/nvchad_types"] = true,
        ["/home/baron/.local/share/nvim/lazy/lazy.nvim/lua/lazy"] = true,
        ["/usr/share/nvim/runtime/lua"] = true,
        ["/usr/share/nvim/runtime/lua/vim/lsp"] = true
      },
      maxPreload = 100000,
      preloadFileSize = 10000
    }
  }
}
[19:56:10.090][info] [#0:script/library.lua:212]: Init builtin library at:	file:///home/shared/.local/share/nvim/lazy/base46
[19:56:10.124][info] [#0:script/plugin.lua:86]: plugin path:	/home/shared/.local/share/nvim/lazy/base46
[19:56:10.124][warn] [#0:script/plugin.lua:101]: plugin not found:	/home/shared/.local/share/nvim/lazy/base46
[19:56:10.124][info] [#0:script/library.lua:212]: Init builtin library at:	nil
[19:56:10.136][info] [#0:script/provider/provider.lua:61]: Load config from client	fallback
[19:56:10.137][info] [#0:script/provider/provider.lua:62]: {
  Lua = {
    diagnostics = {
      globals = { "vim" }
    },
    telemetry = {
      enable = false
    },
    workspace = {
      library = {
        ["/home/baron/.local/share/nvim/lazy/extensions/nvchad_types"] = true,
        ["/home/baron/.local/share/nvim/lazy/lazy.nvim/lua/lazy"] = true,
        ["/usr/share/nvim/runtime/lua"] = true,
        ["/usr/share/nvim/runtime/lua/vim/lsp"] = true
      },
      maxPreload = 100000,
      preloadFileSize = 10000
    }
  }
}
[19:56:10.137][info] [#0:script/provider/provider.lua:61]: Load config from client	fallback
[19:56:10.137][info] [#0:script/provider/provider.lua:62]: {
  Lua = {
    diagnostics = {
      globals = { "vim" }
    },
    telemetry = {
      enable = false
    },
    workspace = {
      library = {
        ["/home/baron/.local/share/nvim/lazy/extensions/nvchad_types"] = true,
        ["/home/baron/.local/share/nvim/lazy/lazy.nvim/lua/lazy"] = true,
        ["/usr/share/nvim/runtime/lua"] = true,
        ["/usr/share/nvim/runtime/lua/vim/lsp"] = true
      },
      maxPreload = 100000,
      preloadFileSize = 10000
    }
  }
}
[19:56:10.238][info] [#0:script/workspace/workspace.lua:322]: Preload start:	file:///home/shared/.local/share/nvim/lazy/base46
[19:56:10.243][info] [#0:script/workspace/workspace.lua:328]: Scan files at:	file:///home/shared/.local/share/nvim/lazy/base46
[19:56:10.245][info] [#0:script/workspace/workspace.lua:322]: Preload start:	<fallback>
[19:56:10.248][info] [#0:script/workspace/workspace.lua:351]: Scan library at:	file:///home/shared/.local/share/nvim/mason/packages/lua-language-server/libexec/meta/Lua%205.4%20en-us%20utf8/coroutine.lua
[19:56:10.249][info] [#0:script/workspace/workspace.lua:351]: Scan library at:	file:///home/shared/.local/share/nvim/mason/packages/lua-language-server/libexec/meta/Lua%205.4%20en-us%20utf8/basic.lua
[19:56:10.249][info] [#0:script/workspace/workspace.lua:351]: Scan library at:	file:///home/shared/.local/share/nvim/mason/packages/lua-language-server/libexec/meta/Lua%205.4%20en-us%20utf8/table.lua
[19:56:10.249][info] [#0:script/workspace/workspace.lua:351]: Scan library at:	file:///home/baron/.local/share/nvim/lazy/lazy.nvim/lua/lazy
[19:56:10.254][info] [#0:script/workspace/workspace.lua:351]: Scan library at:	file:///home/baron/.local/share/nvim/lazy/extensions/nvchad_types
[19:56:10.255][info] [#0:script/workspace/workspace.lua:351]: Scan library at:	file:///home/shared/.local/share/nvim/mason/packages/lua-language-server/libexec/meta/Lua%205.4%20en-us%20utf8/utf8.lua
[19:56:10.255][info] [#0:script/workspace/workspace.lua:351]: Scan library at:	file:///home/shared/.local/share/nvim/mason/packages/lua-language-server/libexec/meta/Lua%205.4%20en-us%20utf8/package.lua
[19:56:10.255][info] [#0:script/workspace/workspace.lua:351]: Scan library at:	file:///home/shared/.local/share/nvim/mason/packages/lua-language-server/libexec/meta/Lua%205.4%20en-us%20utf8/io.lua
[19:56:10.255][info] [#0:script/workspace/workspace.lua:351]: Scan library at:	file:///home/shared/.local/share/nvim/mason/packages/lua-language-server/libexec/meta/Lua%205.4%20en-us%20utf8/math.lua
[19:56:10.256][info] [#0:script/workspace/workspace.lua:351]: Scan library at:	file:///home/shared/.local/share/nvim/mason/packages/lua-language-server/libexec/meta/Lua%205.4%20en-us%20utf8/builtin.lua
[19:56:10.256][info] [#0:script/workspace/workspace.lua:351]: Scan library at:	file:///home/shared/.local/share/nvim/mason/packages/lua-language-server/libexec/meta/Lua%205.4%20en-us%20utf8/os.lua
[19:56:10.256][info] [#0:script/workspace/workspace.lua:351]: Scan library at:	file:///usr/share/nvim/runtime/lua/vim/lsp
[19:56:10.258][info] [#0:script/workspace/workspace.lua:351]: Scan library at:	file:///home/shared/.local/share/nvim/mason/packages/lua-language-server/libexec/meta/Lua%205.4%20en-us%20utf8/debug.lua
[19:56:10.258][info] [#0:script/workspace/workspace.lua:351]: Scan library at:	file:///usr/share/nvim/runtime/lua
[19:56:10.260][info] [#0:script/workspace/workspace.lua:351]: Scan library at:	file:///home/shared/.local/share/nvim/mason/packages/lua-language-server/libexec/meta/Lua%205.4%20en-us%20utf8/coroutine.lua
[19:56:10.260][info] [#0:script/workspace/workspace.lua:351]: Scan library at:	file:///home/shared/.local/share/nvim/mason/packages/lua-language-server/libexec/meta/Lua%205.4%20en-us%20utf8/basic.lua
[19:56:10.260][info] [#0:script/workspace/workspace.lua:351]: Scan library at:	file:///home/shared/.local/share/nvim/mason/packages/lua-language-server/libexec/meta/Lua%205.4%20en-us%20utf8/table.lua
[19:56:10.261][info] [#0:script/workspace/workspace.lua:351]: Scan library at:	file:///home/baron/.local/share/nvim/lazy/lazy.nvim/lua/lazy
[19:56:10.267][info] [#0:script/workspace/workspace.lua:351]: Scan library at:	file:///home/shared/.local/share/nvim/mason/packages/lua-language-server/libexec/meta/Lua%205.4%20en-us%20utf8/string.lua
[19:56:10.268][info] [#0:script/workspace/workspace.lua:351]: Scan library at:	file:///home/baron/.local/share/nvim/lazy/extensions/nvchad_types
[19:56:10.268][info] [#0:script/workspace/workspace.lua:351]: Scan library at:	file:///home/shared/.local/share/nvim/mason/packages/lua-language-server/libexec/meta/Lua%205.4%20en-us%20utf8/utf8.lua
[19:56:10.268][info] [#0:script/workspace/workspace.lua:351]: Scan library at:	file:///home/shared/.local/share/nvim/mason/packages/lua-language-server/libexec/meta/Lua%205.4%20en-us%20utf8/package.lua
[19:56:10.268][info] [#0:script/workspace/workspace.lua:351]: Scan library at:	file:///home/shared/.local/share/nvim/mason/packages/lua-language-server/libexec/meta/Lua%205.4%20en-us%20utf8/io.lua
[19:56:10.268][info] [#0:script/workspace/workspace.lua:351]: Scan library at:	file:///home/shared/.local/share/nvim/mason/packages/lua-language-server/libexec/meta/Lua%205.4%20en-us%20utf8/math.lua
[19:56:10.268][info] [#0:script/workspace/workspace.lua:351]: Scan library at:	file:///home/shared/.local/share/nvim/mason/packages/lua-language-server/libexec/meta/Lua%205.4%20en-us%20utf8/builtin.lua
[19:56:10.269][info] [#0:script/workspace/workspace.lua:351]: Scan library at:	file:///home/shared/.local/share/nvim/mason/packages/lua-language-server/libexec/meta/Lua%205.4%20en-us%20utf8/os.lua
[19:56:10.269][info] [#0:script/workspace/workspace.lua:351]: Scan library at:	file:///usr/share/nvim/runtime/lua/vim/lsp
[19:56:10.269][info] [#0:script/workspace/workspace.lua:351]: Scan library at:	file:///home/shared/.local/share/nvim/mason/packages/lua-language-server/libexec/meta/Lua%205.4%20en-us%20utf8/debug.lua
[19:56:10.269][info] [#0:script/workspace/workspace.lua:351]: Scan library at:	file:///usr/share/nvim/runtime/lua
[19:56:10.272][info] [#0:script/workspace/workspace.lua:351]: Scan library at:	file:///home/shared/.local/share/nvim/mason/packages/lua-language-server/libexec/meta/Lua%205.4%20en-us%20utf8/string.lua
[19:56:10.372][info] [#0:script/workspace/workspace.lua:377]: Found 124 files at:	<fallback>
[19:56:10.372][info] [#0:script/workspace/loading.lua:161]: Load files from disk:	<fallback>
[19:56:10.372][info] [#0:script/workspace/workspace.lua:377]: Found 207 files at:	file:///home/shared/.local/share/nvim/lazy/base46
[19:56:10.372][info] [#0:script/workspace/loading.lua:161]: Load files from disk:	file:///home/shared/.local/share/nvim/lazy/base46
[19:56:10.374][info] [#0:script/workspace/loading.lua:101]: Preload file at: file:///home/shared/.local/share/nvim/mason/packages/lua-language-server/libexec/meta/Lua%205.4%20en-us%20utf8/string.lua , size = 6.313 KB
[19:56:10.384][info] [#0:script/workspace/loading.lua:113]: ++++As library of:	file:///home/shared/.local/share/nvim/mason/packages/lua-language-server/libexec/meta/Lua%205.4%20en-us%20utf8/string.lua
[19:56:10.384][info] [#0:script/workspace/loading.lua:98]: Skip loaded file: file:///home/shared/.local/share/nvim/mason/packages/lua-language-server/libexec/meta/Lua%205.4%20en-us%20utf8/string.lua
[19:56:10.384][info] [#0:script/workspace/loading.lua:101]: Preload file at: file:///usr/share/nvim/runtime/lua/_vim9script.lua , size = 15.439 KB
[19:56:10.413][info] [#0:script/workspace/loading.lua:113]: ++++As library of:	file:///usr/share/nvim/runtime/lua
[19:56:10.414][info] [#0:script/workspace/loading.lua:98]: Skip loaded file: file:///usr/share/nvim/runtime/lua/_vim9script.lua
[19:56:10.414][info] [#0:script/workspace/loading.lua:101]: Preload file at: file:///usr/share/nvim/runtime/lua/editorconfig.lua , size = 6.716 KB
[19:56:10.422][info] [#0:script/workspace/loading.lua:113]: ++++As library of:	file:///usr/share/nvim/runtime/lua
[19:56:10.422][info] [#0:script/workspace/loading.lua:98]: Skip loaded file: file:///usr/share/nvim/runtime/lua/editorconfig.lua
[19:56:10.422][info] [#0:script/workspace/loading.lua:101]: Preload file at: file:///usr/share/nvim/runtime/lua/man.lua , size = 25.082 KB
[19:56:10.452][info] [#0:script/workspace/loading.lua:113]: ++++As library of:	file:///usr/share/nvim/runtime/lua
[19:56:10.452][info] [#0:script/workspace/loading.lua:98]: Skip loaded file: file:///usr/share/nvim/runtime/lua/man.lua
[19:56:10.452][info] [#0:script/workspace/loading.lua:101]: Preload file at: file:///usr/share/nvim/runtime/lua/nvim/health.lua , size = 12.706 KB
[19:56:10.462][info] [#0:script/workspace/loading.lua:113]: ++++As library of:	file:///usr/share/nvim/runtime/lua
[19:56:10.462][info] [#0:script/workspace/loading.lua:98]: Skip loaded file: file:///usr/share/nvim/runtime/lua/nvim/health.lua
[19:56:10.462][info] [#0:script/workspace/loading.lua:101]: Preload file at: file:///usr/share/nvim/runtime/lua/vim/F.lua , size = 0.824 KB
[19:56:10.463][info] [#0:script/workspace/loading.lua:113]: ++++As library of:	file:///usr/share/nvim/runtime/lua
[19:56:10.463][info] [#0:script/workspace/loading.lua:98]: Skip loaded file: file:///usr/share/nvim/runtime/lua/vim/F.lua
[19:56:10.463][info] [#0:script/workspace/loading.lua:101]: Preload file at: file:///usr/share/nvim/runtime/lua/vim/_editor.lua , size = 29.339 KB
[19:56:10.491][info] [#0:script/workspace/loading.lua:113]: ++++As library of:	file:///usr/share/nvim/runtime/lua
[19:56:10.491][info] [#0:script/workspace/loading.lua:98]: Skip loaded file: file:///usr/share/nvim/runtime/lua/vim/_editor.lua
[19:56:10.491][info] [#0:script/workspace/loading.lua:101]: Preload file at: file:///usr/share/nvim/runtime/lua/vim/_init_packages.lua , size = 2.773 KB
[19:56:10.494][info] [#0:script/workspace/loading.lua:113]: ++++As library of:	file:///usr/share/nvim/runtime/lua
[19:56:10.494][info] [#0:script/workspace/loading.lua:98]: Skip loaded file: file:///usr/share/nvim/runtime/lua/vim/_init_packages.lua
[19:56:10.494][info] [#0:script/workspace/loading.lua:101]: Preload file at: file:///usr/share/nvim/runtime/lua/vim/_inspector.lua , size = 7.915 KB
[19:56:10.501][info] [#0:script/workspace/loading.lua:113]: ++++As library of:	file:///usr/share/nvim/runtime/lua
[19:56:10.501][info] [#0:script/workspace/loading.lua:98]: Skip loaded file: file:///usr/share/nvim/runtime/lua/vim/_inspector.lua
[19:56:10.501][info] [#0:script/workspace/loading.lua:101]: Preload file at: file:///usr/share/nvim/runtime/lua/vim/_meta.lua , size = 12.077 KB
[19:56:10.515][info] [#0:script/workspace/loading.lua:113]: ++++As library of:	file:///usr/share/nvim/runtime/lua
[19:56:10.515][info] [#0:script/workspace/loading.lua:89]: Skip loaded file: file:///usr/share/nvim/runtime/lua/vim/_meta.lua
[19:56:10.515][info] [#0:script/workspace/loading.lua:113]: ++++As library of:	file:///usr/share/nvim/runtime/lua
[19:56:10.516][info] [#0:script/workspace/loading.lua:101]: Preload file at: file:///usr/share/nvim/runtime/lua/vim/_watch.lua , size = 5.387 KB
[19:56:10.521][info] [#0:script/workspace/loading.lua:113]: ++++As library of:	file:///usr/share/nvim/runtime/lua
[19:56:10.521][info] [#0:script/workspace/loading.lua:98]: Skip loaded file: file:///usr/share/nvim/runtime/lua/vim/_watch.lua
[19:56:10.522][info] [#0:script/workspace/loading.lua:101]: Preload file at: file:///usr/share/nvim/runtime/lua/vim/diagnostic.lua , size = 56.640 KB
[19:56:10.568][info] [#0:script/workspace/loading.lua:113]: ++++As library of:	file:///usr/share/nvim/runtime/lua
[19:56:10.569][info] [#0:script/workspace/loading.lua:98]: Skip loaded file: file:///usr/share/nvim/runtime/lua/vim/diagnostic.lua
[19:56:10.569][info] [#0:script/workspace/loading.lua:101]: Preload file at: file:///usr/share/nvim/runtime/lua/vim/filetype/detect.lua , size = 47.659 KB
[19:56:10.604][info] [#0:script/workspace/loading.lua:113]: ++++As library of:	file:///usr/share/nvim/runtime/lua
[19:56:10.605][info] [#0:script/workspace/loading.lua:98]: Skip loaded file: file:///usr/share/nvim/runtime/lua/vim/filetype/detect.lua
[19:56:10.605][info] [#0:script/workspace/loading.lua:101]: Preload file at: file:///usr/share/nvim/runtime/lua/vim/filetype/options.lua , size = 2.561 KB
[19:56:10.608][info] [#0:script/workspace/loading.lua:113]: ++++As library of:	file:///usr/share/nvim/runtime/lua
[19:56:10.608][info] [#0:script/workspace/loading.lua:98]: Skip loaded file: file:///usr/share/nvim/runtime/lua/vim/filetype/options.lua
[19:56:10.608][info] [#0:script/workspace/loading.lua:101]: Preload file at: file:///usr/share/nvim/runtime/lua/vim/filetype.lua , size = 74.400 KB
[19:56:10.672][info] [#0:script/workspace/loading.lua:113]: ++++As library of:	file:///usr/share/nvim/runtime/lua
[19:56:10.672][info] [#0:script/workspace/loading.lua:98]: Skip loaded file: file:///usr/share/nvim/runtime/lua/vim/filetype.lua
[19:56:10.672][info] [#0:script/workspace/loading.lua:101]: Preload file at: file:///usr/share/nvim/runtime/lua/vim/fs.lua , size = 10.662 KB
[19:56:10.681][info] [#0:script/workspace/loading.lua:113]: ++++As library of:	file:///usr/share/nvim/runtime/lua
[19:56:10.681][info] [#0:script/workspace/loading.lua:98]: Skip loaded file: file:///usr/share/nvim/runtime/lua/vim/fs.lua
[19:56:10.681][info] [#0:script/workspace/loading.lua:101]: Preload file at: file:///usr/share/nvim/runtime/lua/vim/health.lua , size = 1.782 KB
[19:56:10.683][info] [#0:script/workspace/loading.lua:113]: ++++As library of:	file:///usr/share/nvim/runtime/lua
[19:56:10.683][info] [#0:script/workspace/loading.lua:98]: Skip loaded file: file:///usr/share/nvim/runtime/lua/vim/health.lua
[19:56:10.683][info] [#0:script/workspace/loading.lua:101]: Preload file at: file:///usr/share/nvim/runtime/lua/vim/highlight.lua , size = 3.749 KB
[19:56:10.686][info] [#0:script/workspace/loading.lua:113]: ++++As library of:	file:///usr/share/nvim/runtime/lua
[19:56:10.686][info] [#0:script/workspace/loading.lua:98]: Skip loaded file: file:///usr/share/nvim/runtime/lua/vim/highlight.lua
[19:56:10.686][info] [#0:script/workspace/loading.lua:101]: Preload file at: file:///usr/share/nvim/runtime/lua/vim/inspect.lua , size = 8.864 KB
[19:56:10.694][info] [#0:script/workspace/loading.lua:113]: ++++As library of:	file:///usr/share/nvim/runtime/lua
[19:56:10.694][info] [#0:script/workspace/loading.lua:98]: Skip loaded file: file:///usr/share/nvim/runtime/lua/vim/inspect.lua
[19:56:10.694][info] [#0:script/workspace/loading.lua:101]: Preload file at: file:///usr/share/nvim/runtime/lua/vim/keymap.lua , size = 3.573 KB
[19:56:10.697][info] [#0:script/workspace/loading.lua:113]: ++++As library of:	file:///usr/share/nvim/runtime/lua
[19:56:10.697][info] [#0:script/workspace/loading.lua:98]: Skip loaded file: file:///usr/share/nvim/runtime/lua/vim/keymap.lua
[19:56:10.697][info] [#0:script/workspace/loading.lua:101]: Preload file at: file:///usr/share/nvim/runtime/lua/vim/loader.lua , size = 16.182 KB
[19:56:10.713][info] [#0:script/workspace/loading.lua:113]: ++++As library of:	file:///usr/share/nvim/runtime/lua
[19:56:10.713][info] [#0:script/workspace/loading.lua:98]: Skip loaded file: file:///usr/share/nvim/runtime/lua/vim/loader.lua
[19:56:10.713][info] [#0:script/workspace/loading.lua:101]: Preload file at: file:///usr/share/nvim/runtime/lua/vim/lsp/_snippet.lua , size = 10.744 KB
[19:56:10.725][info] [#0:script/workspace/loading.lua:113]: ++++As library of:	file:///usr/share/nvim/runtime/lua
[19:56:10.725][info] [#0:script/workspace/loading.lua:98]: Skip loaded file: file:///usr/share/nvim/runtime/lua/vim/lsp/_snippet.lua
[19:56:10.725][info] [#0:script/workspace/loading.lua:101]: Preload file at: file:///usr/share/nvim/runtime/lua/vim/lsp/_watchfiles.lua , size = 9.620 KB
[19:56:10.733][info] [#0:script/workspace/loading.lua:113]: ++++As library of:	file:///usr/share/nvim/runtime/lua
[19:56:10.733][info] [#0:script/workspace/loading.lua:98]: Skip loaded file: file:///usr/share/nvim/runtime/lua/vim/lsp/_watchfiles.lua
[19:56:10.733][info] [#0:script/workspace/loading.lua:101]: Preload file at: file:///usr/share/nvim/runtime/lua/vim/lsp/buf.lua , size = 27.860 KB
[19:56:10.751][info] [#0:script/workspace/loading.lua:113]: ++++As library of:	file:///usr/share/nvim/runtime/lua
[19:56:10.751][info] [#0:script/workspace/loading.lua:98]: Skip loaded file: file:///usr/share/nvim/runtime/lua/vim/lsp/buf.lua
[19:56:10.751][info] [#0:script/workspace/loading.lua:101]: Preload file at: file:///usr/share/nvim/runtime/lua/vim/lsp/codelens.lua , size = 8.261 KB
[19:56:10.776][info] [#0:script/workspace/loading.lua:113]: ++++As library of:	file:///usr/share/nvim/runtime/lua
[19:56:10.776][info] [#0:script/workspace/loading.lua:98]: Skip loaded file: file:///usr/share/nvim/runtime/lua/vim/lsp/codelens.lua
[19:56:10.776][info] [#0:script/workspace/loading.lua:101]: Preload file at: file:///usr/share/nvim/runtime/lua/vim/lsp/diagnostic.lua , size = 8.867 KB
[19:56:10.783][info] [#0:script/workspace/loading.lua:113]: ++++As library of:	file:///usr/share/nvim/runtime/lua
[19:56:10.783][info] [#0:script/workspace/loading.lua:98]: Skip loaded file: file:///usr/share/nvim/runtime/lua/vim/lsp/diagnostic.lua
[19:56:10.783][info] [#0:script/workspace/loading.lua:101]: Preload file at: file:///usr/share/nvim/runtime/lua/vim/lsp/handlers.lua , size = 23.587 KB
[19:56:10.800][info] [#0:script/workspace/loading.lua:113]: ++++As library of:	file:///usr/share/nvim/runtime/lua
[19:56:10.800][info] [#0:script/workspace/loading.lua:101]: Preload file at: file:///usr/share/nvim/runtime/lua/vim/lsp/health.lua , size = 1.240 KB
[19:56:10.801][info] [#0:script/workspace/loading.lua:113]: ++++As library of:	file:///usr/share/nvim/runtime/lua
[19:56:10.801][info] [#0:script/workspace/loading.lua:98]: Skip loaded file: file:///usr/share/nvim/runtime/lua/vim/lsp/handlers.lua
[19:56:10.801][info] [#0:script/workspace/loading.lua:98]: Skip loaded file: file:///usr/share/nvim/runtime/lua/vim/lsp/health.lua
[19:56:10.801][info] [#0:script/workspace/loading.lua:101]: Preload file at: file:///usr/share/nvim/runtime/lua/vim/lsp/log.lua , size = 5.151 KB
[19:56:10.805][info] [#0:script/workspace/loading.lua:113]: ++++As library of:	file:///usr/share/nvim/runtime/lua
[19:56:10.805][info] [#0:script/workspace/loading.lua:98]: Skip loaded file: file:///usr/share/nvim/runtime/lua/vim/lsp/log.lua
[19:56:10.805][info] [#0:script/workspace/loading.lua:101]: Preload file at: file:///usr/share/nvim/runtime/lua/vim/lsp/protocol.lua , size = 28.367 KB
[19:56:10.814][info] [#0:script/workspace/loading.lua:113]: ++++As library of:	file:///usr/share/nvim/runtime/lua
[19:56:10.814][info] [#0:script/workspace/loading.lua:98]: Skip loaded file: file:///usr/share/nvim/runtime/lua/vim/lsp/protocol.lua
[19:56:10.814][info] [#0:script/workspace/loading.lua:101]: Preload file at: file:///usr/share/nvim/runtime/lua/vim/lsp/rpc.lua , size = 23.695 KB
[19:56:10.831][info] [#0:script/workspace/loading.lua:113]: ++++As library of:	file:///usr/share/nvim/runtime/lua
[19:56:10.831][info] [#0:script/workspace/loading.lua:98]: Skip loaded file: file:///usr/share/nvim/runtime/lua/vim/lsp/rpc.lua
[19:56:10.831][info] [#0:script/workspace/loading.lua:101]: Preload file at: file:///usr/share/nvim/runtime/lua/vim/lsp/semantic_tokens.lua , size = 25.936 KB
[19:56:10.849][info] [#0:script/workspace/loading.lua:113]: ++++As library of:	file:///usr/share/nvim/runtime/lua
[19:56:10.849][info] [#0:script/workspace/loading.lua:98]: Skip loaded file: file:///usr/share/nvim/runtime/lua/vim/lsp/semantic_tokens.lua
[19:56:10.849][info] [#0:script/workspace/loading.lua:101]: Preload file at: file:///usr/share/nvim/runtime/lua/vim/lsp/sync.lua , size = 15.681 KB
[19:56:10.858][info] [#0:script/workspace/loading.lua:113]: ++++As library of:	file:///usr/share/nvim/runtime/lua
[19:56:10.858][info] [#0:script/workspace/loading.lua:98]: Skip loaded file: file:///usr/share/nvim/runtime/lua/vim/lsp/sync.lua
[19:56:10.858][info] [#0:script/workspace/loading.lua:101]: Preload file at: file:///usr/share/nvim/runtime/lua/vim/lsp/tagfunc.lua , size = 2.339 KB
[19:56:10.860][info] [#0:script/workspace/loading.lua:113]: ++++As library of:	file:///usr/share/nvim/runtime/lua
[19:56:10.860][info] [#0:script/workspace/loading.lua:98]: Skip loaded file: file:///usr/share/nvim/runtime/lua/vim/lsp/tagfunc.lua
[19:56:10.860][info] [#0:script/workspace/loading.lua:101]: Preload file at: file:///usr/share/nvim/runtime/lua/vim/lsp/types.lua , size = 0.924 KB
[19:56:10.862][info] [#0:script/workspace/loading.lua:113]: ++++As library of:	file:///usr/share/nvim/runtime/lua
[19:56:10.862][info] [#0:script/workspace/loading.lua:98]: Skip loaded file: file:///usr/share/nvim/runtime/lua/vim/lsp/types.lua
[19:56:10.862][info] [#0:script/workspace/loading.lua:101]: Preload file at: file:///usr/share/nvim/runtime/lua/vim/lsp/util.lua , size = 70.764 KB
[19:56:10.914][info] [#0:script/workspace/loading.lua:113]: ++++As library of:	file:///usr/share/nvim/runtime/lua
[19:56:10.914][info] [#0:script/workspace/loading.lua:98]: Skip loaded file: file:///usr/share/nvim/runtime/lua/vim/lsp/util.lua
[19:56:10.914][info] [#0:script/workspace/loading.lua:101]: Preload file at: file:///usr/share/nvim/runtime/lua/vim/lsp.lua , size = 82.409 KB
[19:56:10.994][info] [#0:script/workspace/loading.lua:113]: ++++As library of:	file:///usr/share/nvim/runtime/lua
[19:56:10.994][info] [#0:script/workspace/loading.lua:101]: Preload file at: file:///usr/share/nvim/runtime/lua/vim/secure.lua , size = 4.830 KB
[19:56:10.998][info] [#0:script/workspace/loading.lua:113]: ++++As library of:	file:///usr/share/nvim/runtime/lua
[19:56:10.998][info] [#0:script/workspace/loading.lua:98]: Skip loaded file: file:///usr/share/nvim/runtime/lua/vim/lsp.lua
[19:56:10.998][info] [#0:script/workspace/loading.lua:98]: Skip loaded file: file:///usr/share/nvim/runtime/lua/vim/secure.lua
[19:56:10.998][info] [#0:script/workspace/loading.lua:101]: Preload file at: file:///usr/share/nvim/runtime/lua/vim/shared.lua , size = 22.292 KB
[19:56:11.016][info] [#0:script/workspace/loading.lua:113]: ++++As library of:	file:///usr/share/nvim/runtime/lua
[19:56:11.017][info] [#0:script/workspace/loading.lua:98]: Skip loaded file: file:///usr/share/nvim/runtime/lua/vim/shared.lua
[19:56:11.017][info] [#0:script/workspace/loading.lua:101]: Preload file at: file:///usr/share/nvim/runtime/lua/vim/treesitter/_fold.lua , size = 8.207 KB
[19:56:11.024][info] [#0:script/workspace/loading.lua:113]: ++++As library of:	file:///usr/share/nvim/runtime/lua
[19:56:11.024][info] [#0:script/workspace/loading.lua:98]: Skip loaded file: file:///usr/share/nvim/runtime/lua/vim/treesitter/_fold.lua
[19:56:11.024][info] [#0:script/workspace/loading.lua:101]: Preload file at: file:///usr/share/nvim/runtime/lua/vim/treesitter/_meta.lua , size = 2.839 KB
[19:56:11.028][info] [#0:script/workspace/loading.lua:113]: ++++As library of:	file:///usr/share/nvim/runtime/lua
[19:56:11.028][info] [#0:script/workspace/loading.lua:98]: Skip loaded file: file:///usr/share/nvim/runtime/lua/vim/treesitter/_meta.lua
[19:56:11.028][info] [#0:script/workspace/loading.lua:101]: Preload file at: file:///usr/share/nvim/runtime/lua/vim/treesitter/_range.lua , size = 3.646 KB
[19:56:11.032][info] [#0:script/workspace/loading.lua:113]: ++++As library of:	file:///usr/share/nvim/runtime/lua
[19:56:11.032][info] [#0:script/workspace/loading.lua:98]: Skip loaded file: file:///usr/share/nvim/runtime/lua/vim/treesitter/_range.lua
[19:56:11.032][info] [#0:script/workspace/loading.lua:101]: Preload file at: file:///usr/share/nvim/runtime/lua/vim/treesitter/health.lua , size = 0.888 KB
[19:56:11.033][info] [#0:script/workspace/loading.lua:113]: ++++As library of:	file:///usr/share/nvim/runtime/lua
[19:56:11.033][info] [#0:script/workspace/loading.lua:98]: Skip loaded file: file:///usr/share/nvim/runtime/lua/vim/treesitter/health.lua
[19:56:11.033][info] [#0:script/workspace/loading.lua:101]: Preload file at: file:///usr/share/nvim/runtime/lua/vim/treesitter/highlighter.lua , size = 8.781 KB
[19:56:11.042][info] [#0:script/workspace/loading.lua:113]: ++++As library of:	file:///usr/share/nvim/runtime/lua
[19:56:11.042][info] [#0:script/workspace/loading.lua:98]: Skip loaded file: file:///usr/share/nvim/runtime/lua/vim/treesitter/highlighter.lua
[19:56:11.042][info] [#0:script/workspace/loading.lua:101]: Preload file at: file:///usr/share/nvim/runtime/lua/vim/treesitter/language.lua , size = 3.528 KB
[19:56:11.046][info] [#0:script/workspace/loading.lua:113]: ++++As library of:	file:///usr/share/nvim/runtime/lua
[19:56:11.046][info] [#0:script/workspace/loading.lua:98]: Skip loaded file: file:///usr/share/nvim/runtime/lua/vim/treesitter/language.lua
[19:56:11.046][info] [#0:script/workspace/loading.lua:101]: Preload file at: file:///usr/share/nvim/runtime/lua/vim/treesitter/languagetree.lua , size = 27.167 KB
[19:56:11.070][info] [#0:script/workspace/loading.lua:113]: ++++As library of:	file:///usr/share/nvim/runtime/lua
[19:56:11.070][info] [#0:script/workspace/loading.lua:98]: Skip loaded file: file:///usr/share/nvim/runtime/lua/vim/treesitter/languagetree.lua
[19:56:11.070][info] [#0:script/workspace/loading.lua:101]: Preload file at: file:///usr/share/nvim/runtime/lua/vim/treesitter/playground.lua , size = 12.551 KB
[19:56:11.081][info] [#0:script/workspace/loading.lua:113]: ++++As library of:	file:///usr/share/nvim/runtime/lua
[19:56:11.081][info] [#0:script/workspace/loading.lua:98]: Skip loaded file: file:///usr/share/nvim/runtime/lua/vim/treesitter/playground.lua
[19:56:11.081][info] [#0:script/workspace/loading.lua:101]: Preload file at: file:///usr/share/nvim/runtime/lua/vim/treesitter/query.lua , size = 21.253 KB
[19:56:11.100][info] [#0:script/workspace/loading.lua:113]: ++++As library of:	file:///usr/share/nvim/runtime/lua
[19:56:11.100][info] [#0:script/workspace/loading.lua:98]: Skip loaded file: file:///usr/share/nvim/runtime/lua/vim/treesitter/query.lua
[19:56:11.100][info] [#0:script/workspace/loading.lua:101]: Preload file at: file:///usr/share/nvim/runtime/lua/vim/treesitter.lua , size = 15.225 KB
[19:56:11.112][info] [#0:script/workspace/loading.lua:113]: ++++As library of:	file:///usr/share/nvim/runtime/lua
[19:56:11.112][info] [#0:script/workspace/loading.lua:98]: Skip loaded file: file:///usr/share/nvim/runtime/lua/vim/treesitter.lua
[19:56:11.112][info] [#0:script/workspace/loading.lua:101]: Preload file at: file:///usr/share/nvim/runtime/lua/vim/ui.lua , size = 3.672 KB
[19:56:11.115][info] [#0:script/workspace/loading.lua:113]: ++++As library of:	file:///usr/share/nvim/runtime/lua
[19:56:11.115][info] [#0:script/workspace/loading.lua:98]: Skip loaded file: file:///usr/share/nvim/runtime/lua/vim/ui.lua
[19:56:11.115][info] [#0:script/workspace/loading.lua:101]: Preload file at: file:///usr/share/nvim/runtime/lua/vim/uri.lua , size = 3.376 KB
[19:56:11.118][info] [#0:script/workspace/loading.lua:113]: ++++As library of:	file:///usr/share/nvim/runtime/lua
[19:56:11.118][info] [#0:script/workspace/loading.lua:98]: Skip loaded file: file:///usr/share/nvim/runtime/lua/vim/uri.lua
[19:56:11.118][info] [#0:script/workspace/loading.lua:101]: Preload file at: file:///usr/share/nvim/runtime/lua/vim/version.lua , size = 12.146 KB
[19:56:11.128][info] [#0:script/workspace/loading.lua:113]: ++++As library of:	file:///usr/share/nvim/runtime/lua
[19:56:11.129][info] [#0:script/workspace/loading.lua:98]: Skip loaded file: file:///usr/share/nvim/runtime/lua/vim/version.lua
[19:56:11.129][info] [#0:script/workspace/loading.lua:101]: Preload file at: file:///home/shared/.local/share/nvim/mason/packages/lua-language-server/libexec/meta/Lua%205.4%20en-us%20utf8/debug.lua , size = 7.637 KB
[19:56:11.135][info] [#0:script/workspace/loading.lua:113]: ++++As library of:	file:///home/shared/.local/share/nvim/mason/packages/lua-language-server/libexec/meta/Lua%205.4%20en-us%20utf8/debug.lua
[19:56:11.135][info] [#0:script/workspace/loading.lua:98]: Skip loaded file: file:///home/shared/.local/share/nvim/mason/packages/lua-language-server/libexec/meta/Lua%205.4%20en-us%20utf8/debug.lua
[19:56:11.135][info] [#0:script/workspace/loading.lua:98]: Skip loaded file: file:///usr/share/nvim/runtime/lua/vim/lsp/_snippet.lua
[19:56:11.136][info] [#0:script/workspace/loading.lua:89]: Skip loaded file: file:///usr/share/nvim/runtime/lua/vim/lsp/_snippet.lua
[19:56:11.136][info] [#0:script/workspace/loading.lua:113]: ++++As library of:	file:///usr/share/nvim/runtime/lua/vim/lsp
[19:56:11.140][info] [#0:script/workspace/loading.lua:89]: Skip loaded file: file:///usr/share/nvim/runtime/lua/vim/lsp/_watchfiles.lua
[19:56:11.140][info] [#0:script/workspace/loading.lua:113]: ++++As library of:	file:///usr/share/nvim/runtime/lua/vim/lsp
[19:56:11.140][info] [#0:script/workspace/loading.lua:89]: Skip loaded file: file:///usr/share/nvim/runtime/lua/vim/lsp/_watchfiles.lua
[19:56:11.140][info] [#0:script/workspace/loading.lua:113]: ++++As library of:	file:///usr/share/nvim/runtime/lua/vim/lsp
[19:56:11.140][info] [#0:script/workspace/loading.lua:89]: Skip loaded file: file:///usr/share/nvim/runtime/lua/vim/lsp/buf.lua
[19:56:11.140][info] [#0:script/workspace/loading.lua:113]: ++++As library of:	file:///usr/share/nvim/runtime/lua/vim/lsp
[19:56:11.140][info] [#0:script/workspace/loading.lua:89]: Skip loaded file: file:///usr/share/nvim/runtime/lua/vim/lsp/buf.lua
[19:56:11.140][info] [#0:script/workspace/loading.lua:113]: ++++As library of:	file:///usr/share/nvim/runtime/lua/vim/lsp
[19:56:11.140][info] [#0:script/workspace/loading.lua:89]: Skip loaded file: file:///usr/share/nvim/runtime/lua/vim/lsp/codelens.lua
[19:56:11.140][info] [#0:script/workspace/loading.lua:113]: ++++As library of:	file:///usr/share/nvim/runtime/lua/vim/lsp
[19:56:11.140][info] [#0:script/workspace/loading.lua:89]: Skip loaded file: file:///usr/share/nvim/runtime/lua/vim/lsp/codelens.lua
[19:56:11.140][info] [#0:script/workspace/loading.lua:113]: ++++As library of:	file:///usr/share/nvim/runtime/lua/vim/lsp
[19:56:11.140][info] [#0:script/workspace/loading.lua:89]: Skip loaded file: file:///usr/share/nvim/runtime/lua/vim/lsp/diagnostic.lua
[19:56:11.140][info] [#0:script/workspace/loading.lua:113]: ++++As library of:	file:///usr/share/nvim/runtime/lua/vim/lsp
[19:56:11.140][info] [#0:script/workspace/loading.lua:89]: Skip loaded file: file:///usr/share/nvim/runtime/lua/vim/lsp/diagnostic.lua
[19:56:11.141][info] [#0:script/workspace/loading.lua:113]: ++++As library of:	file:///usr/share/nvim/runtime/lua/vim/lsp
[19:56:11.141][info] [#0:script/workspace/loading.lua:89]: Skip loaded file: file:///usr/share/nvim/runtime/lua/vim/lsp/handlers.lua
[19:56:11.141][info] [#0:script/workspace/loading.lua:113]: ++++As library of:	file:///usr/share/nvim/runtime/lua/vim/lsp
[19:56:11.141][info] [#0:script/workspace/loading.lua:89]: Skip loaded file: file:///usr/share/nvim/runtime/lua/vim/lsp/handlers.lua
[19:56:11.141][info] [#0:script/workspace/loading.lua:113]: ++++As library of:	file:///usr/share/nvim/runtime/lua/vim/lsp
[19:56:11.141][info] [#0:script/workspace/loading.lua:89]: Skip loaded file: file:///usr/share/nvim/runtime/lua/vim/lsp/health.lua
[19:56:11.141][info] [#0:script/workspace/loading.lua:113]: ++++As library of:	file:///usr/share/nvim/runtime/lua/vim/lsp
[19:56:11.141][info] [#0:script/workspace/loading.lua:89]: Skip loaded file: file:///usr/share/nvim/runtime/lua/vim/lsp/health.lua
[19:56:11.141][info] [#0:script/workspace/loading.lua:113]: ++++As library of:	file:///usr/share/nvim/runtime/lua/vim/lsp
[19:56:11.141][info] [#0:script/workspace/loading.lua:89]: Skip loaded file: file:///usr/share/nvim/runtime/lua/vim/lsp/log.lua
[19:56:11.141][info] [#0:script/workspace/loading.lua:113]: ++++As library of:	file:///usr/share/nvim/runtime/lua/vim/lsp
[19:56:11.141][info] [#0:script/workspace/loading.lua:89]: Skip loaded file: file:///usr/share/nvim/runtime/lua/vim/lsp/log.lua
[19:56:11.141][info] [#0:script/workspace/loading.lua:113]: ++++As library of:	file:///usr/share/nvim/runtime/lua/vim/lsp
[19:56:11.141][info] [#0:script/workspace/loading.lua:89]: Skip loaded file: file:///usr/share/nvim/runtime/lua/vim/lsp/protocol.lua
[19:56:11.141][info] [#0:script/workspace/loading.lua:113]: ++++As library of:	file:///usr/share/nvim/runtime/lua/vim/lsp
[19:56:11.141][info] [#0:script/workspace/loading.lua:89]: Skip loaded file: file:///usr/share/nvim/runtime/lua/vim/lsp/protocol.lua
[19:56:11.141][info] [#0:script/workspace/loading.lua:113]: ++++As library of:	file:///usr/share/nvim/runtime/lua/vim/lsp
[19:56:11.141][info] [#0:script/workspace/loading.lua:89]: Skip loaded file: file:///usr/share/nvim/runtime/lua/vim/lsp/rpc.lua
[19:56:11.141][info] [#0:script/workspace/loading.lua:113]: ++++As library of:	file:///usr/share/nvim/runtime/lua/vim/lsp
[19:56:11.141][info] [#0:script/workspace/loading.lua:89]: Skip loaded file: file:///usr/share/nvim/runtime/lua/vim/lsp/rpc.lua
[19:56:11.141][info] [#0:script/workspace/loading.lua:113]: ++++As library of:	file:///usr/share/nvim/runtime/lua/vim/lsp
[19:56:11.141][info] [#0:script/workspace/loading.lua:89]: Skip loaded file: file:///usr/share/nvim/runtime/lua/vim/lsp/semantic_tokens.lua
[19:56:11.141][info] [#0:script/workspace/loading.lua:113]: ++++As library of:	file:///usr/share/nvim/runtime/lua/vim/lsp
[19:56:11.141][info] [#0:script/workspace/loading.lua:89]: Skip loaded file: file:///usr/share/nvim/runtime/lua/vim/lsp/semantic_tokens.lua
[19:56:11.141][info] [#0:script/workspace/loading.lua:113]: ++++As library of:	file:///usr/share/nvim/runtime/lua/vim/lsp
[19:56:11.141][info] [#0:script/workspace/loading.lua:89]: Skip loaded file: file:///usr/share/nvim/runtime/lua/vim/lsp/sync.lua
[19:56:11.141][info] [#0:script/workspace/loading.lua:113]: ++++As library of:	file:///usr/share/nvim/runtime/lua/vim/lsp
[19:56:11.141][info] [#0:script/workspace/loading.lua:89]: Skip loaded file: file:///usr/share/nvim/runtime/lua/vim/lsp/sync.lua
[19:56:11.141][info] [#0:script/workspace/loading.lua:113]: ++++As library of:	file:///usr/share/nvim/runtime/lua/vim/lsp
[19:56:11.141][info] [#0:script/workspace/loading.lua:89]: Skip loaded file: file:///usr/share/nvim/runtime/lua/vim/lsp/tagfunc.lua
[19:56:11.141][info] [#0:script/workspace/loading.lua:113]: ++++As library of:	file:///usr/share/nvim/runtime/lua/vim/lsp
[19:56:11.141][info] [#0:script/workspace/loading.lua:89]: Skip loaded file: file:///usr/share/nvim/runtime/lua/vim/lsp/tagfunc.lua
[19:56:11.141][info] [#0:script/workspace/loading.lua:113]: ++++As library of:	file:///usr/share/nvim/runtime/lua/vim/lsp
[19:56:11.141][info] [#0:script/workspace/loading.lua:89]: Skip loaded file: file:///usr/share/nvim/runtime/lua/vim/lsp/types.lua
[19:56:11.141][info] [#0:script/workspace/loading.lua:113]: ++++As library of:	file:///usr/share/nvim/runtime/lua/vim/lsp
[19:56:11.141][info] [#0:script/workspace/loading.lua:89]: Skip loaded file: file:///usr/share/nvim/runtime/lua/vim/lsp/types.lua
[19:56:11.141][info] [#0:script/workspace/loading.lua:113]: ++++As library of:	file:///usr/share/nvim/runtime/lua/vim/lsp
[19:56:11.141][info] [#0:script/workspace/loading.lua:89]: Skip loaded file: file:///usr/share/nvim/runtime/lua/vim/lsp/util.lua
[19:56:11.141][info] [#0:script/workspace/loading.lua:113]: ++++As library of:	file:///usr/share/nvim/runtime/lua/vim/lsp
[19:56:11.142][info] [#0:script/workspace/loading.lua:89]: Skip loaded file: file:///usr/share/nvim/runtime/lua/vim/lsp/util.lua
[19:56:11.142][info] [#0:script/workspace/loading.lua:113]: ++++As library of:	file:///usr/share/nvim/runtime/lua/vim/lsp
[19:56:11.142][info] [#0:script/workspace/loading.lua:101]: Preload file at: file:///home/shared/.local/share/nvim/mason/packages/lua-language-server/libexec/meta/Lua%205.4%20en-us%20utf8/os.lua , size = 4.347 KB
[19:56:11.145][info] [#0:script/workspace/loading.lua:113]: ++++As library of:	file:///home/shared/.local/share/nvim/mason/packages/lua-language-server/libexec/meta/Lua%205.4%20en-us%20utf8/os.lua
[19:56:11.146][info] [#0:script/workspace/loading.lua:101]: Preload file at: file:///home/shared/.local/share/nvim/mason/packages/lua-language-server/libexec/meta/Lua%205.4%20en-us%20utf8/builtin.lua , size = 0.302 KB
[19:56:11.146][info] [#0:script/workspace/loading.lua:113]: ++++As library of:	file:///home/shared/.local/share/nvim/mason/packages/lua-language-server/libexec/meta/Lua%205.4%20en-us%20utf8/builtin.lua
[19:56:11.146][info] [#0:script/workspace/loading.lua:98]: Skip loaded file: file:///home/shared/.local/share/nvim/mason/packages/lua-language-server/libexec/meta/Lua%205.4%20en-us%20utf8/os.lua
[19:56:11.146][info] [#0:script/workspace/loading.lua:89]: Skip loaded file: file:///home/shared/.local/share/nvim/mason/packages/lua-language-server/libexec/meta/Lua%205.4%20en-us%20utf8/builtin.lua
[19:56:11.146][info] [#0:script/workspace/loading.lua:113]: ++++As library of:	file:///home/shared/.local/share/nvim/mason/packages/lua-language-server/libexec/meta/Lua%205.4%20en-us%20utf8/builtin.lua
[19:56:11.147][info] [#0:script/workspace/loading.lua:101]: Preload file at: file:///home/shared/.local/share/nvim/mason/packages/lua-language-server/libexec/meta/Lua%205.4%20en-us%20utf8/math.lua , size = 8.731 KB
[19:56:11.154][info] [#0:script/workspace/loading.lua:113]: ++++As library of:	file:///home/shared/.local/share/nvim/mason/packages/lua-language-server/libexec/meta/Lua%205.4%20en-us%20utf8/math.lua
[19:56:11.154][info] [#0:script/workspace/loading.lua:98]: Skip loaded file: file:///home/shared/.local/share/nvim/mason/packages/lua-language-server/libexec/meta/Lua%205.4%20en-us%20utf8/math.lua
[19:56:11.154][info] [#0:script/workspace/loading.lua:101]: Preload file at: file:///home/shared/.local/share/nvim/mason/packages/lua-language-server/libexec/meta/Lua%205.4%20en-us%20utf8/io.lua , size = 6.364 KB
[19:56:11.159][info] [#0:script/workspace/loading.lua:113]: ++++As library of:	file:///home/shared/.local/share/nvim/mason/packages/lua-language-server/libexec/meta/Lua%205.4%20en-us%20utf8/io.lua
[19:56:11.159][info] [#0:script/workspace/loading.lua:98]: Skip loaded file: file:///home/shared/.local/share/nvim/mason/packages/lua-language-server/libexec/meta/Lua%205.4%20en-us%20utf8/io.lua
[19:56:11.160][info] [#0:script/workspace/loading.lua:101]: Preload file at: file:///home/shared/.local/share/nvim/mason/packages/lua-language-server/libexec/meta/Lua%205.4%20en-us%20utf8/package.lua , size = 2.944 KB
[19:56:11.162][info] [#0:script/workspace/loading.lua:113]: ++++As library of:	file:///home/shared/.local/share/nvim/mason/packages/lua-language-server/libexec/meta/Lua%205.4%20en-us%20utf8/package.lua
[19:56:11.162][info] [#0:script/workspace/loading.lua:98]: Skip loaded file: file:///home/shared/.local/share/nvim/mason/packages/lua-language-server/libexec/meta/Lua%205.4%20en-us%20utf8/package.lua
[19:56:11.162][info] [#0:script/workspace/loading.lua:101]: Preload file at: file:///home/shared/.local/share/nvim/mason/packages/lua-language-server/libexec/meta/Lua%205.4%20en-us%20utf8/utf8.lua , size = 2.386 KB
[19:56:11.164][info] [#0:script/workspace/loading.lua:113]: ++++As library of:	file:///home/shared/.local/share/nvim/mason/packages/lua-language-server/libexec/meta/Lua%205.4%20en-us%20utf8/utf8.lua
[19:56:11.164][info] [#0:script/workspace/loading.lua:98]: Skip loaded file: file:///home/shared/.local/share/nvim/mason/packages/lua-language-server/libexec/meta/Lua%205.4%20en-us%20utf8/utf8.lua
[19:56:11.164][info] [#0:script/workspace/loading.lua:101]: Preload file at: file:///home/baron/.local/share/nvim/lazy/extensions/nvchad_types/all_hl_groups.lua , size = 32.131 KB
[19:56:11.183][info] [#0:script/workspace/loading.lua:113]: ++++As library of:	file:///home/baron/.local/share/nvim/lazy/extensions/nvchad_types
[19:56:11.183][info] [#0:script/workspace/loading.lua:89]: Skip loaded file: file:///home/baron/.local/share/nvim/lazy/extensions/nvchad_types/all_hl_groups.lua
[19:56:11.183][info] [#0:script/workspace/loading.lua:113]: ++++As library of:	file:///home/baron/.local/share/nvim/lazy/extensions/nvchad_types
[19:56:11.183][info] [#0:script/workspace/loading.lua:101]: Preload file at: file:///home/baron/.local/share/nvim/lazy/extensions/nvchad_types/base46.lua , size = 4.196 KB
[19:56:11.187][info] [#0:script/workspace/loading.lua:113]: ++++As library of:	file:///home/baron/.local/share/nvim/lazy/extensions/nvchad_types
[19:56:11.187][info] [#0:script/workspace/loading.lua:98]: Skip loaded file: file:///home/baron/.local/share/nvim/lazy/extensions/nvchad_types/base46.lua
[19:56:11.187][info] [#0:script/workspace/loading.lua:101]: Preload file at: file:///home/baron/.local/share/nvim/lazy/extensions/nvchad_types/chadrc.lua , size = 8.549 KB
[19:56:11.193][info] [#0:script/workspace/loading.lua:113]: ++++As library of:	file:///home/baron/.local/share/nvim/lazy/extensions/nvchad_types
[19:56:11.193][info] [#0:script/workspace/loading.lua:98]: Skip loaded file: file:///home/baron/.local/share/nvim/lazy/extensions/nvchad_types/chadrc.lua
[19:56:11.193][info] [#0:script/workspace/loading.lua:101]: Preload file at: file:///home/baron/.local/share/nvim/lazy/extensions/nvchad_types/keymaps.lua , size = 1.461 KB
[19:56:11.194][info] [#0:script/workspace/loading.lua:113]: ++++As library of:	file:///home/baron/.local/share/nvim/lazy/extensions/nvchad_types
[19:56:11.194][info] [#0:script/workspace/loading.lua:98]: Skip loaded file: file:///home/baron/.local/share/nvim/lazy/extensions/nvchad_types/keymaps.lua
[19:56:11.194][info] [#0:script/workspace/loading.lua:101]: Preload file at: file:///home/baron/.local/share/nvim/lazy/extensions/nvchad_types/plugins.lua , size = 5.674 KB
[19:56:11.197][info] [#0:script/workspace/loading.lua:113]: ++++As library of:	file:///home/baron/.local/share/nvim/lazy/extensions/nvchad_types
[19:56:11.197][info] [#0:script/workspace/loading.lua:98]: Skip loaded file: file:///home/baron/.local/share/nvim/lazy/extensions/nvchad_types/plugins.lua
[19:56:11.197][info] [#0:script/workspace/loading.lua:101]: Preload file at: file:///home/baron/.local/share/nvim/lazy/extensions/nvchad_types/themes.lua , size = 4.698 KB
[19:56:11.243][info] [#0:script/workspace/loading.lua:113]: ++++As library of:	file:///home/baron/.local/share/nvim/lazy/extensions/nvchad_types
[19:56:11.243][info] [#0:script/workspace/loading.lua:98]: Skip loaded file: file:///home/baron/.local/share/nvim/lazy/extensions/nvchad_types/themes.lua
[19:56:11.243][info] [#0:script/workspace/loading.lua:101]: Preload file at: file:///home/baron/.local/share/nvim/lazy/lazy.nvim/lua/lazy/core/cache.lua , size = 16.600 KB
[19:56:11.260][info] [#0:script/workspace/loading.lua:113]: ++++As library of:	file:///home/baron/.local/share/nvim/lazy/lazy.nvim/lua/lazy
[19:56:11.260][info] [#0:script/workspace/loading.lua:98]: Skip loaded file: file:///home/baron/.local/share/nvim/lazy/lazy.nvim/lua/lazy/core/cache.lua
[19:56:11.260][info] [#0:script/workspace/loading.lua:101]: Preload file at: file:///home/baron/.local/share/nvim/lazy/lazy.nvim/lua/lazy/core/config.lua , size = 8.176 KB
[19:56:11.267][info] [#0:script/workspace/loading.lua:113]: ++++As library of:	file:///home/baron/.local/share/nvim/lazy/lazy.nvim/lua/lazy
[19:56:11.267][info] [#0:script/workspace/loading.lua:98]: Skip loaded file: file:///home/baron/.local/share/nvim/lazy/lazy.nvim/lua/lazy/core/config.lua
[19:56:11.267][info] [#0:script/workspace/loading.lua:101]: Preload file at: file:///home/baron/.local/share/nvim/lazy/lazy.nvim/lua/lazy/core/handler/cmd.lua , size = 1.546 KB
[19:56:11.269][info] [#0:script/workspace/loading.lua:113]: ++++As library of:	file:///home/baron/.local/share/nvim/lazy/lazy.nvim/lua/lazy
[19:56:11.269][info] [#0:script/workspace/loading.lua:98]: Skip loaded file: file:///home/baron/.local/share/nvim/lazy/lazy.nvim/lua/lazy/core/handler/cmd.lua
[19:56:11.269][info] [#0:script/workspace/loading.lua:101]: Preload file at: file:///home/baron/.local/share/nvim/lazy/lazy.nvim/lua/lazy/core/handler/event.lua , size = 2.642 KB
[19:56:11.273][info] [#0:script/workspace/loading.lua:113]: ++++As library of:	file:///home/baron/.local/share/nvim/lazy/lazy.nvim/lua/lazy
[19:56:11.273][info] [#0:script/workspace/loading.lua:98]: Skip loaded file: file:///home/baron/.local/share/nvim/lazy/lazy.nvim/lua/lazy/core/handler/event.lua
[19:56:11.273][info] [#0:script/workspace/loading.lua:101]: Preload file at: file:///home/baron/.local/share/nvim/lazy/lazy.nvim/lua/lazy/core/handler/ft.lua , size = 0.984 KB
[19:56:11.274][info] [#0:script/workspace/loading.lua:113]: ++++As library of:	file:///home/baron/.local/share/nvim/lazy/lazy.nvim/lua/lazy
[19:56:11.274][info] [#0:script/workspace/loading.lua:98]: Skip loaded file: file:///home/baron/.local/share/nvim/lazy/lazy.nvim/lua/lazy/core/handler/ft.lua
[19:56:11.275][info] [#0:script/workspace/loading.lua:101]: Preload file at: file:///home/baron/.local/share/nvim/lazy/lazy.nvim/lua/lazy/core/handler/init.lua , size = 2.373 KB
[19:56:11.278][info] [#0:script/workspace/loading.lua:113]: ++++As library of:	file:///home/baron/.local/share/nvim/lazy/lazy.nvim/lua/lazy
[19:56:11.278][info] [#0:script/workspace/loading.lua:98]: Skip loaded file: file:///home/baron/.local/share/nvim/lazy/lazy.nvim/lua/lazy/core/handler/init.lua
[19:56:11.278][info] [#0:script/workspace/loading.lua:101]: Preload file at: file:///home/baron/.local/share/nvim/lazy/lazy.nvim/lua/lazy/core/handler/keys.lua , size = 2.360 KB
[19:56:11.281][info] [#0:script/workspace/loading.lua:113]: ++++As library of:	file:///home/baron/.local/share/nvim/lazy/lazy.nvim/lua/lazy
[19:56:11.281][info] [#0:script/workspace/loading.lua:98]: Skip loaded file: file:///home/baron/.local/share/nvim/lazy/lazy.nvim/lua/lazy/core/handler/keys.lua
[19:56:11.282][info] [#0:script/workspace/loading.lua:101]: Preload file at: file:///home/baron/.local/share/nvim/lazy/lazy.nvim/lua/lazy/core/loader.lua , size = 13.281 KB
[19:56:11.295][info] [#0:script/workspace/loading.lua:113]: ++++As library of:	file:///home/baron/.local/share/nvim/lazy/lazy.nvim/lua/lazy
[19:56:11.295][info] [#0:script/workspace/loading.lua:98]: Skip loaded file: file:///home/baron/.local/share/nvim/lazy/lazy.nvim/lua/lazy/core/loader.lua
[19:56:11.295][info] [#0:script/workspace/loading.lua:101]: Preload file at: file:///home/baron/.local/share/nvim/lazy/lazy.nvim/lua/lazy/core/plugin.lua , size = 13.744 KB
[19:56:11.310][info] [#0:script/workspace/loading.lua:113]: ++++As library of:	file:///home/baron/.local/share/nvim/lazy/lazy.nvim/lua/lazy
[19:56:11.310][info] [#0:script/workspace/loading.lua:98]: Skip loaded file: file:///home/baron/.local/share/nvim/lazy/lazy.nvim/lua/lazy/core/plugin.lua
[19:56:11.310][info] [#0:script/workspace/loading.lua:101]: Preload file at: file:///home/baron/.local/share/nvim/lazy/lazy.nvim/lua/lazy/core/util.lua , size = 9.879 KB
[19:56:11.322][info] [#0:script/workspace/loading.lua:113]: ++++As library of:	file:///home/baron/.local/share/nvim/lazy/lazy.nvim/lua/lazy
[19:56:11.322][info] [#0:script/workspace/loading.lua:98]: Skip loaded file: file:///home/baron/.local/share/nvim/lazy/lazy.nvim/lua/lazy/core/util.lua
[19:56:11.322][info] [#0:script/workspace/loading.lua:101]: Preload file at: file:///home/baron/.local/share/nvim/lazy/lazy.nvim/lua/lazy/docs.lua , size = 4.453 KB
[19:56:11.327][info] [#0:script/workspace/loading.lua:113]: ++++As library of:	file:///home/baron/.local/share/nvim/lazy/lazy.nvim/lua/lazy
[19:56:11.327][info] [#0:script/workspace/loading.lua:98]: Skip loaded file: file:///home/baron/.local/share/nvim/lazy/lazy.nvim/lua/lazy/docs.lua
[19:56:11.327][info] [#0:script/workspace/loading.lua:101]: Preload file at: file:///home/baron/.local/share/nvim/lazy/lazy.nvim/lua/lazy/example.lua , size = 2.643 KB
[19:56:11.328][info] [#0:script/workspace/loading.lua:113]: ++++As library of:	file:///home/baron/.local/share/nvim/lazy/lazy.nvim/lua/lazy
[19:56:11.328][info] [#0:script/workspace/loading.lua:89]: Skip loaded file: file:///home/baron/.local/share/nvim/lazy/lazy.nvim/lua/lazy/example.lua
[19:56:11.328][info] [#0:script/workspace/loading.lua:113]: ++++As library of:	file:///home/baron/.local/share/nvim/lazy/lazy.nvim/lua/lazy
[19:56:11.329][info] [#0:script/workspace/loading.lua:101]: Preload file at: file:///home/baron/.local/share/nvim/lazy/lazy.nvim/lua/lazy/health.lua , size = 3.314 KB
[19:56:11.332][info] [#0:script/workspace/loading.lua:113]: ++++As library of:	file:///home/baron/.local/share/nvim/lazy/lazy.nvim/lua/lazy
[19:56:11.332][info] [#0:script/workspace/loading.lua:98]: Skip loaded file: file:///home/baron/.local/share/nvim/lazy/lazy.nvim/lua/lazy/health.lua
[19:56:11.332][info] [#0:script/workspace/loading.lua:101]: Preload file at: file:///home/baron/.local/share/nvim/lazy/lazy.nvim/lua/lazy/help.lua , size = 2.216 KB
[19:56:11.335][info] [#0:script/workspace/loading.lua:113]: ++++As library of:	file:///home/baron/.local/share/nvim/lazy/lazy.nvim/lua/lazy
[19:56:11.335][info] [#0:script/workspace/loading.lua:98]: Skip loaded file: file:///home/baron/.local/share/nvim/lazy/lazy.nvim/lua/lazy/help.lua
[19:56:11.335][info] [#0:script/workspace/loading.lua:101]: Preload file at: file:///home/baron/.local/share/nvim/lazy/lazy.nvim/lua/lazy/init.lua , size = 3.058 KB
[19:56:11.338][info] [#0:script/workspace/loading.lua:113]: ++++As library of:	file:///home/baron/.local/share/nvim/lazy/lazy.nvim/lua/lazy
[19:56:11.338][info] [#0:script/workspace/loading.lua:98]: Skip loaded file: file:///home/baron/.local/share/nvim/lazy/lazy.nvim/lua/lazy/init.lua
[19:56:11.338][info] [#0:script/workspace/loading.lua:101]: Preload file at: file:///home/baron/.local/share/nvim/lazy/lazy.nvim/lua/lazy/manage/checker.lua , size = 2.306 KB
[19:56:11.341][info] [#0:script/workspace/loading.lua:113]: ++++As library of:	file:///home/baron/.local/share/nvim/lazy/lazy.nvim/lua/lazy
[19:56:11.341][info] [#0:script/workspace/loading.lua:98]: Skip loaded file: file:///home/baron/.local/share/nvim/lazy/lazy.nvim/lua/lazy/manage/checker.lua
[19:56:11.341][info] [#0:script/workspace/loading.lua:101]: Preload file at: file:///home/baron/.local/share/nvim/lazy/lazy.nvim/lua/lazy/manage/git.lua , size = 6.040 KB
[19:56:11.348][info] [#0:script/workspace/loading.lua:113]: ++++As library of:	file:///home/baron/.local/share/nvim/lazy/lazy.nvim/lua/lazy
[19:56:11.348][info] [#0:script/workspace/loading.lua:89]: Skip loaded file: file:///home/baron/.local/share/nvim/lazy/lazy.nvim/lua/lazy/manage/git.lua
[19:56:11.348][info] [#0:script/workspace/loading.lua:113]: ++++As library of:	file:///home/baron/.local/share/nvim/lazy/lazy.nvim/lua/lazy
[19:56:11.348][info] [#0:script/workspace/loading.lua:101]: Preload file at: file:///home/baron/.local/share/nvim/lazy/lazy.nvim/lua/lazy/manage/init.lua , size = 5.445 KB
[19:56:11.354][info] [#0:script/workspace/loading.lua:113]: ++++As library of:	file:///home/baron/.local/share/nvim/lazy/lazy.nvim/lua/lazy
[19:56:11.354][info] [#0:script/workspace/loading.lua:98]: Skip loaded file: file:///home/baron/.local/share/nvim/lazy/lazy.nvim/lua/lazy/manage/init.lua
[19:56:11.355][info] [#0:script/workspace/loading.lua:101]: Preload file at: file:///home/baron/.local/share/nvim/lazy/lazy.nvim/lua/lazy/manage/lock.lua , size = 1.810 KB
[19:56:11.357][info] [#0:script/workspace/loading.lua:113]: ++++As library of:	file:///home/baron/.local/share/nvim/lazy/lazy.nvim/lua/lazy
[19:56:11.357][info] [#0:script/workspace/loading.lua:98]: Skip loaded file: file:///home/baron/.local/share/nvim/lazy/lazy.nvim/lua/lazy/manage/lock.lua
[19:56:11.357][info] [#0:script/workspace/loading.lua:101]: Preload file at: file:///home/baron/.local/share/nvim/lazy/lazy.nvim/lua/lazy/manage/process.lua , size = 3.842 KB
[19:56:11.362][info] [#0:script/workspace/loading.lua:113]: ++++As library of:	file:///home/baron/.local/share/nvim/lazy/lazy.nvim/lua/lazy
[19:56:11.362][info] [#0:script/workspace/loading.lua:98]: Skip loaded file: file:///home/baron/.local/share/nvim/lazy/lazy.nvim/lua/lazy/manage/process.lua
[19:56:11.362][info] [#0:script/workspace/loading.lua:101]: Preload file at: file:///home/baron/.local/share/nvim/lazy/lazy.nvim/lua/lazy/manage/reloader.lua , size = 2.487 KB
[19:56:11.365][info] [#0:script/workspace/loading.lua:113]: ++++As library of:	file:///home/baron/.local/share/nvim/lazy/lazy.nvim/lua/lazy
[19:56:11.365][info] [#0:script/workspace/loading.lua:98]: Skip loaded file: file:///home/baron/.local/share/nvim/lazy/lazy.nvim/lua/lazy/manage/reloader.lua
[19:56:11.365][info] [#0:script/workspace/loading.lua:101]: Preload file at: file:///home/baron/.local/share/nvim/lazy/lazy.nvim/lua/lazy/manage/runner.lua , size = 3.957 KB
[19:56:11.370][info] [#0:script/workspace/loading.lua:113]: ++++As library of:	file:///home/baron/.local/share/nvim/lazy/lazy.nvim/lua/lazy
[19:56:11.370][info] [#0:script/workspace/loading.lua:98]: Skip loaded file: file:///home/baron/.local/share/nvim/lazy/lazy.nvim/lua/lazy/manage/runner.lua
[19:56:11.370][info] [#0:script/workspace/loading.lua:101]: Preload file at: file:///home/baron/.local/share/nvim/lazy/lazy.nvim/lua/lazy/manage/semver.lua , size = 4.409 KB
[19:56:11.376][info] [#0:script/workspace/loading.lua:113]: ++++As library of:	file:///home/baron/.local/share/nvim/lazy/lazy.nvim/lua/lazy
[19:56:11.376][info] [#0:script/workspace/loading.lua:98]: Skip loaded file: file:///home/baron/.local/share/nvim/lazy/lazy.nvim/lua/lazy/manage/semver.lua
[19:56:11.376][info] [#0:script/workspace/loading.lua:101]: Preload file at: file:///home/baron/.local/share/nvim/lazy/lazy.nvim/lua/lazy/manage/task/fs.lua , size = 0.740 KB
[19:56:11.377][info] [#0:script/workspace/loading.lua:113]: ++++As library of:	file:///home/baron/.local/share/nvim/lazy/lazy.nvim/lua/lazy
[19:56:11.377][info] [#0:script/workspace/loading.lua:98]: Skip loaded file: file:///home/baron/.local/share/nvim/lazy/lazy.nvim/lua/lazy/manage/task/fs.lua
[19:56:11.377][info] [#0:script/workspace/loading.lua:101]: Preload file at: file:///home/baron/.local/share/nvim/lazy/lazy.nvim/lua/lazy/manage/task/git.lua , size = 6.532 KB
[19:56:11.383][info] [#0:script/workspace/loading.lua:113]: ++++As library of:	file:///home/baron/.local/share/nvim/lazy/lazy.nvim/lua/lazy
[19:56:11.383][info] [#0:script/workspace/loading.lua:98]: Skip loaded file: file:///home/baron/.local/share/nvim/lazy/lazy.nvim/lua/lazy/manage/task/git.lua
[19:56:11.383][info] [#0:script/workspace/loading.lua:101]: Preload file at: file:///home/baron/.local/share/nvim/lazy/lazy.nvim/lua/lazy/manage/task/init.lua , size = 3.822 KB
[19:56:11.388][info] [#0:script/workspace/loading.lua:113]: ++++As library of:	file:///home/baron/.local/share/nvim/lazy/lazy.nvim/lua/lazy
[19:56:11.388][info] [#0:script/workspace/loading.lua:98]: Skip loaded file: file:///home/baron/.local/share/nvim/lazy/lazy.nvim/lua/lazy/manage/task/init.lua
[19:56:11.388][info] [#0:script/workspace/loading.lua:101]: Preload file at: file:///home/baron/.local/share/nvim/lazy/lazy.nvim/lua/lazy/manage/task/plugin.lua , size = 2.294 KB
[19:56:11.390][info] [#0:script/workspace/loading.lua:113]: ++++As library of:	file:///home/baron/.local/share/nvim/lazy/lazy.nvim/lua/lazy
[19:56:11.390][info] [#0:script/workspace/loading.lua:98]: Skip loaded file: file:///home/baron/.local/share/nvim/lazy/lazy.nvim/lua/lazy/manage/task/plugin.lua
[19:56:11.390][info] [#0:script/workspace/loading.lua:101]: Preload file at: file:///home/baron/.local/share/nvim/lazy/lazy.nvim/lua/lazy/state.lua , size = 0.859 KB
[19:56:11.392][info] [#0:script/workspace/loading.lua:113]: ++++As library of:	file:///home/baron/.local/share/nvim/lazy/lazy.nvim/lua/lazy
[19:56:11.392][info] [#0:script/workspace/loading.lua:98]: Skip loaded file: file:///home/baron/.local/share/nvim/lazy/lazy.nvim/lua/lazy/state.lua
[19:56:11.392][info] [#0:script/workspace/loading.lua:101]: Preload file at: file:///home/baron/.local/share/nvim/lazy/lazy.nvim/lua/lazy/stats.lua , size = 2.068 KB
[19:56:11.394][info] [#0:script/workspace/loading.lua:113]: ++++As library of:	file:///home/baron/.local/share/nvim/lazy/lazy.nvim/lua/lazy
[19:56:11.394][info] [#0:script/workspace/loading.lua:98]: Skip loaded file: file:///home/baron/.local/share/nvim/lazy/lazy.nvim/lua/lazy/stats.lua
[19:56:11.394][info] [#0:script/workspace/loading.lua:101]: Preload file at: file:///home/baron/.local/share/nvim/lazy/lazy.nvim/lua/lazy/status.lua , size = 0.353 KB
[19:56:11.395][info] [#0:script/workspace/loading.lua:113]: ++++As library of:	file:///home/baron/.local/share/nvim/lazy/lazy.nvim/lua/lazy
[19:56:11.395][info] [#0:script/workspace/loading.lua:98]: Skip loaded file: file:///home/baron/.local/share/nvim/lazy/lazy.nvim/lua/lazy/status.lua
[19:56:11.395][info] [#0:script/workspace/loading.lua:101]: Preload file at: file:///home/baron/.local/share/nvim/lazy/lazy.nvim/lua/lazy/types.lua , size = 2.743 KB
[19:56:11.398][info] [#0:script/workspace/loading.lua:113]: ++++As library of:	file:///home/baron/.local/share/nvim/lazy/lazy.nvim/lua/lazy
[19:56:11.398][info] [#0:script/workspace/loading.lua:98]: Skip loaded file: file:///home/baron/.local/share/nvim/lazy/lazy.nvim/lua/lazy/types.lua
[19:56:11.398][info] [#0:script/workspace/loading.lua:101]: Preload file at: file:///home/baron/.local/share/nvim/lazy/lazy.nvim/lua/lazy/util.lua , size = 5.625 KB
[19:56:11.405][info] [#0:script/workspace/loading.lua:113]: ++++As library of:	file:///home/baron/.local/share/nvim/lazy/lazy.nvim/lua/lazy
[19:56:11.405][info] [#0:script/workspace/loading.lua:98]: Skip loaded file: file:///home/baron/.local/share/nvim/lazy/lazy.nvim/lua/lazy/util.lua
[19:56:11.405][info] [#0:script/workspace/loading.lua:101]: Preload file at: file:///home/baron/.local/share/nvim/lazy/lazy.nvim/lua/lazy/view/colors.lua , size = 1.495 KB
[19:56:11.407][info] [#0:script/workspace/loading.lua:113]: ++++As library of:	file:///home/baron/.local/share/nvim/lazy/lazy.nvim/lua/lazy
[19:56:11.407][info] [#0:script/workspace/loading.lua:89]: Skip loaded file: file:///home/baron/.local/share/nvim/lazy/lazy.nvim/lua/lazy/view/colors.lua
[19:56:11.407][info] [#0:script/workspace/loading.lua:113]: ++++As library of:	file:///home/baron/.local/share/nvim/lazy/lazy.nvim/lua/lazy
[19:56:11.409][info] [#0:script/workspace/loading.lua:101]: Preload file at: file:///home/baron/.local/share/nvim/lazy/lazy.nvim/lua/lazy/view/commands.lua , size = 3.332 KB
[19:56:11.413][info] [#0:script/workspace/loading.lua:113]: ++++As library of:	file:///home/baron/.local/share/nvim/lazy/lazy.nvim/lua/lazy
[19:56:11.413][info] [#0:script/workspace/loading.lua:98]: Skip loaded file: file:///home/baron/.local/share/nvim/lazy/lazy.nvim/lua/lazy/view/commands.lua
[19:56:11.413][info] [#0:script/workspace/loading.lua:101]: Preload file at: file:///home/baron/.local/share/nvim/lazy/lazy.nvim/lua/lazy/view/config.lua , size = 3.462 KB
[19:56:11.416][info] [#0:script/workspace/loading.lua:113]: ++++As library of:	file:///home/baron/.local/share/nvim/lazy/lazy.nvim/lua/lazy
[19:56:11.416][info] [#0:script/workspace/loading.lua:101]: Preload file at: file:///home/baron/.local/share/nvim/lazy/lazy.nvim/lua/lazy/view/diff.lua , size = 1.585 KB
[19:56:11.418][info] [#0:script/workspace/loading.lua:113]: ++++As library of:	file:///home/baron/.local/share/nvim/lazy/lazy.nvim/lua/lazy
[19:56:11.418][info] [#0:script/workspace/loading.lua:98]: Skip loaded file: file:///home/baron/.local/share/nvim/lazy/lazy.nvim/lua/lazy/view/config.lua
[19:56:11.418][info] [#0:script/workspace/loading.lua:98]: Skip loaded file: file:///home/baron/.local/share/nvim/lazy/lazy.nvim/lua/lazy/view/diff.lua
[19:56:11.418][info] [#0:script/workspace/loading.lua:101]: Preload file at: file:///home/baron/.local/share/nvim/lazy/lazy.nvim/lua/lazy/view/float.lua , size = 6.936 KB
[19:56:11.427][info] [#0:script/workspace/loading.lua:113]: ++++As library of:	file:///home/baron/.local/share/nvim/lazy/lazy.nvim/lua/lazy
[19:56:11.427][info] [#0:script/workspace/loading.lua:98]: Skip loaded file: file:///home/baron/.local/share/nvim/lazy/lazy.nvim/lua/lazy/view/float.lua
[19:56:11.427][info] [#0:script/workspace/loading.lua:101]: Preload file at: file:///home/baron/.local/share/nvim/lazy/lazy.nvim/lua/lazy/view/init.lua , size = 7.404 KB
[19:56:11.436][info] [#0:script/workspace/loading.lua:113]: ++++As library of:	file:///home/baron/.local/share/nvim/lazy/lazy.nvim/lua/lazy
[19:56:11.436][info] [#0:script/workspace/loading.lua:98]: Skip loaded file: file:///home/baron/.local/share/nvim/lazy/lazy.nvim/lua/lazy/view/init.lua
[19:56:11.436][info] [#0:script/workspace/loading.lua:101]: Preload file at: file:///home/baron/.local/share/nvim/lazy/lazy.nvim/lua/lazy/view/render.lua , size = 20.704 KB
[19:56:11.461][info] [#0:script/workspace/loading.lua:113]: ++++As library of:	file:///home/baron/.local/share/nvim/lazy/lazy.nvim/lua/lazy
[19:56:11.461][info] [#0:script/workspace/loading.lua:98]: Skip loaded file: file:///home/baron/.local/share/nvim/lazy/lazy.nvim/lua/lazy/view/render.lua
[19:56:11.461][info] [#0:script/workspace/loading.lua:101]: Preload file at: file:///home/baron/.local/share/nvim/lazy/lazy.nvim/lua/lazy/view/sections.lua , size = 2.250 KB
[19:56:11.464][info] [#0:script/workspace/loading.lua:113]: ++++As library of:	file:///home/baron/.local/share/nvim/lazy/lazy.nvim/lua/lazy
[19:56:11.464][info] [#0:script/workspace/loading.lua:98]: Skip loaded file: file:///home/baron/.local/share/nvim/lazy/lazy.nvim/lua/lazy/view/sections.lua
[19:56:11.464][info] [#0:script/workspace/loading.lua:101]: Preload file at: file:///home/baron/.local/share/nvim/lazy/lazy.nvim/lua/lazy/view/text.lua , size = 3.820 KB
[19:56:11.469][info] [#0:script/workspace/loading.lua:113]: ++++As library of:	file:///home/baron/.local/share/nvim/lazy/lazy.nvim/lua/lazy
[19:56:11.469][info] [#0:script/workspace/loading.lua:98]: Skip loaded file: file:///home/baron/.local/share/nvim/lazy/lazy.nvim/lua/lazy/view/text.lua
[19:56:11.469][info] [#0:script/workspace/loading.lua:101]: Preload file at: file:///home/shared/.local/share/nvim/mason/packages/lua-language-server/libexec/meta/Lua%205.4%20en-us%20utf8/table.lua , size = 4.230 KB
[19:56:11.473][info] [#0:script/workspace/loading.lua:113]: ++++As library of:	file:///home/shared/.local/share/nvim/mason/packages/lua-language-server/libexec/meta/Lua%205.4%20en-us%20utf8/table.lua
[19:56:11.473][info] [#0:script/workspace/loading.lua:98]: Skip loaded file: file:///home/shared/.local/share/nvim/mason/packages/lua-language-server/libexec/meta/Lua%205.4%20en-us%20utf8/table.lua
[19:56:11.473][info] [#0:script/workspace/loading.lua:101]: Preload file at: file:///home/shared/.local/share/nvim/mason/packages/lua-language-server/libexec/meta/Lua%205.4%20en-us%20utf8/basic.lua , size = 15.185 KB
[19:56:11.483][info] [#0:script/workspace/loading.lua:113]: ++++As library of:	file:///home/shared/.local/share/nvim/mason/packages/lua-language-server/libexec/meta/Lua%205.4%20en-us%20utf8/basic.lua
[19:56:11.483][info] [#0:script/workspace/loading.lua:89]: Skip loaded file: file:///home/shared/.local/share/nvim/mason/packages/lua-language-server/libexec/meta/Lua%205.4%20en-us%20utf8/basic.lua
[19:56:11.483][info] [#0:script/workspace/loading.lua:113]: ++++As library of:	file:///home/shared/.local/share/nvim/mason/packages/lua-language-server/libexec/meta/Lua%205.4%20en-us%20utf8/basic.lua
[19:56:11.484][info] [#0:script/workspace/loading.lua:101]: Preload file at: file:///home/shared/.local/share/nvim/mason/packages/lua-language-server/libexec/meta/Lua%205.4%20en-us%20utf8/coroutine.lua , size = 2.590 KB
[19:56:11.486][info] [#0:script/workspace/loading.lua:113]: ++++As library of:	file:///home/shared/.local/share/nvim/mason/packages/lua-language-server/libexec/meta/Lua%205.4%20en-us%20utf8/coroutine.lua
[19:56:11.486][info] [#0:script/workspace/loading.lua:98]: Skip loaded file: file:///home/shared/.local/share/nvim/mason/packages/lua-language-server/libexec/meta/Lua%205.4%20en-us%20utf8/coroutine.lua
[19:56:11.486][info] [#0:script/workspace/loading.lua:101]: Preload file at: file:///home/shared/.local/share/nvim/lazy/base46/lua/base46/extended_integrations/alpha.lua , size = 0.150 KB
[19:56:11.486][info] [#0:script/workspace/loading.lua:101]: Preload file at: file:///home/shared/.local/share/nvim/lazy/base46/lua/base46/extended_integrations/bufferline.lua , size = 2.297 KB
[19:56:11.488][info] [#0:script/workspace/loading.lua:101]: Preload file at: file:///home/shared/.local/share/nvim/lazy/base46/lua/base46/colors.lua , size = 5.111 KB
[19:56:11.494][info] [#0:script/workspace/loading.lua:101]: Preload file at: file:///home/shared/.local/share/nvim/lazy/base46/lua/base46/extended_integrations/notify.lua , size = 0.702 KB
[19:56:11.495][info] [#0:script/workspace/loading.lua:101]: Preload file at: file:///home/shared/.local/share/nvim/lazy/base46/lua/base46/extended_integrations/dap.lua , size = 1.374 KB
[19:56:11.496][info] [#0:script/workspace/loading.lua:101]: Preload file at: file:///home/shared/.local/share/nvim/lazy/base46/lua/base46/glassy.lua , size = 0.812 KB
[19:56:11.497][info] [#0:script/workspace/loading.lua:101]: Preload file at: file:///home/shared/.local/share/nvim/lazy/base46/lua/base46/integrations/blankline.lua , size = 0.269 KB
[19:56:11.497][info] [#0:script/workspace/loading.lua:101]: Preload file at: file:///home/shared/.local/share/nvim/lazy/base46/lua/base46/init.lua , size = 5.362 KB
[19:56:11.502][info] [#0:script/workspace/loading.lua:101]: Preload file at: file:///home/shared/.local/share/nvim/lazy/base46/lua/base46/integrations/cmp.lua , size = 3.858 KB
[19:56:11.506][info] [#0:script/workspace/loading.lua:101]: Preload file at: file:///home/shared/.local/share/nvim/lazy/base46/lua/base46/integrations/devicons.lua , size = 1.303 KB
[19:56:11.507][info] [#0:script/workspace/loading.lua:101]: Preload file at: file:///home/shared/.local/share/nvim/lazy/base46/lua/base46/integrations/defaults.lua , size = 4.220 KB
[19:56:11.511][info] [#0:script/workspace/loading.lua:101]: Preload file at: file:///home/shared/.local/share/nvim/lazy/base46/lua/base46/integrations/git.lua , size = 1.485 KB
[19:56:11.512][info] [#0:script/workspace/loading.lua:101]: Preload file at: file:///home/shared/.local/share/nvim/lazy/base46/lua/base46/integrations/lsp.lua , size = 0.652 KB
[19:56:11.524][info] [#0:script/workspace/loading.lua:101]: Preload file at: file:///home/shared/.local/share/nvim/lazy/base46/lua/base46/integrations/mason.lua , size = 0.452 KB
[19:56:11.528][info] [#0:script/workspace/loading.lua:101]: Preload file at: file:///home/shared/.local/share/nvim/lazy/base46/lua/base46/integrations/nvchad_updater.lua , size = 0.531 KB
[19:56:11.531][info] [#0:script/workspace/loading.lua:101]: Preload file at: file:///home/shared/.local/share/nvim/lazy/base46/lua/base46/integrations/nvcheatsheet.lua , size = 0.708 KB
[19:56:11.537][info] [#0:script/workspace/loading.lua:101]: Preload file at: file:///home/shared/.local/share/nvim/lazy/base46/lua/base46/integrations/nvdash.lua , size = 0.204 KB
[19:56:11.541][info] [#0:script/workspace/loading.lua:101]: Preload file at: file:///home/shared/.local/share/nvim/lazy/base46/lua/base46/integrations/nvimtree.lua , size = 1.022 KB
[19:56:11.544][info] [#0:script/workspace/loading.lua:101]: Preload file at: file:///home/shared/.local/share/nvim/lazy/base46/lua/base46/integrations/statusline.lua , size = 6.122 KB
[19:56:11.554][info] [#0:script/workspace/loading.lua:101]: Preload file at: file:///home/shared/.local/share/nvim/lazy/base46/lua/base46/integrations/syntax.lua , size = 2.520 KB
[19:56:11.558][info] [#0:script/workspace/loading.lua:101]: Preload file at: file:///home/shared/.local/share/nvim/lazy/base46/lua/base46/integrations/tbline.lua , size = 1.147 KB
[19:56:11.561][info] [#0:script/workspace/loading.lua:101]: Preload file at: file:///home/shared/.local/share/nvim/lazy/base46/lua/base46/integrations/telescope.lua , size = 1.567 KB
[19:56:11.564][info] [#0:script/workspace/loading.lua:101]: Preload file at: file:///home/shared/.local/share/nvim/lazy/base46/lua/base46/integrations/treesitter.lua , size = 2.916 KB
[19:56:11.569][info] [#0:script/workspace/loading.lua:101]: Preload file at: file:///home/shared/.local/share/nvim/lazy/base46/lua/base46/integrations/whichkey.lua , size = 0.267 KB
[19:56:11.571][info] [#0:script/workspace/loading.lua:101]: Preload file at: file:///home/shared/.local/share/nvim/lazy/base46/lua/base46/term.lua , size = 0.671 KB
[19:56:11.574][info] [#0:script/workspace/loading.lua:101]: Preload file at: file:///home/shared/.local/share/nvim/lazy/base46/lua/base46/themes/ashes.lua , size = 1.341 KB
[19:56:11.576][info] [#0:script/workspace/loading.lua:101]: Preload file at: file:///home/shared/.local/share/nvim/lazy/base46/lua/base46/themes/aquarium.lua , size = 1.289 KB
[19:56:11.577][info] [#0:script/workspace/loading.lua:101]: Preload file at: file:///home/shared/.local/share/nvim/lazy/base46/lua/base46/themes/ayu_dark.lua , size = 1.579 KB
[19:56:11.578][info] [#0:script/workspace/loading.lua:101]: Preload file at: file:///home/shared/.local/share/nvim/lazy/base46/lua/base46/themes/ayu_light.lua , size = 1.679 KB
[19:56:11.580][info] [#0:script/workspace/loading.lua:101]: Preload file at: file:///home/shared/.local/share/nvim/lazy/base46/lua/base46/themes/bearded-arc.lua , size = 1.661 KB
[19:56:11.581][info] [#0:script/workspace/loading.lua:101]: Preload file at: file:///home/shared/.local/share/nvim/lazy/base46/lua/base46/themes/blossom_light.lua , size = 1.589 KB
[19:56:11.583][info] [#0:script/workspace/loading.lua:101]: Preload file at: file:///home/shared/.local/share/nvim/lazy/base46/lua/base46/themes/chadracula.lua , size = 1.399 KB
[19:56:11.584][info] [#0:script/workspace/loading.lua:101]: Preload file at: file:///home/shared/.local/share/nvim/lazy/base46/lua/base46/themes/catppuccin.lua , size = 1.378 KB
[19:56:11.586][info] [#0:script/workspace/loading.lua:101]: Preload file at: file:///home/shared/.local/share/nvim/lazy/base46/lua/base46/themes/chadtain.lua , size = 1.176 KB
[19:56:11.587][info] [#0:script/workspace/loading.lua:101]: Preload file at: file:///home/shared/.local/share/nvim/lazy/base46/lua/base46/themes/chocolate.lua , size = 1.727 KB
[19:56:11.588][info] [#0:script/workspace/loading.lua:101]: Preload file at: file:///home/shared/.local/share/nvim/lazy/base46/lua/base46/themes/decay.lua , size = 1.336 KB
[19:56:11.589][info] [#0:script/workspace/loading.lua:101]: Preload file at: file:///home/shared/.local/share/nvim/lazy/base46/lua/base46/themes/dark_horizon.lua , size = 1.851 KB
[19:56:11.591][info] [#0:script/workspace/loading.lua:173]: Loaded files takes [1.232] sec: <fallback>
[19:56:11.591][info] [#0:script/workspace/loading.lua:182]: Compile files takes [0.000] sec: <fallback>
[19:56:11.591][info] [#0:script/workspace/loading.lua:183]: Loaded finish:	<fallback>
[19:56:11.591][info] [#0:script/workspace/workspace.lua:379]: Preload finish at:	<fallback>
[19:56:11.621][info] [#0:script/workspace/loading.lua:101]: Preload file at: file:///home/shared/.local/share/nvim/lazy/base46/lua/base46/themes/doomchad.lua , size = 1.411 KB
[19:56:11.622][info] [#0:script/workspace/loading.lua:101]: Preload file at: file:///home/shared/.local/share/nvim/lazy/base46/lua/base46/themes/everblush.lua , size = 1.289 KB
[19:56:11.624][info] [#0:script/workspace/loading.lua:101]: Preload file at: file:///home/shared/.local/share/nvim/lazy/base46/lua/base46/themes/everforest.lua , size = 1.378 KB
[19:56:11.625][info] [#0:script/workspace/loading.lua:101]: Preload file at: file:///home/shared/.local/share/nvim/lazy/base46/lua/base46/themes/everforest_light.lua , size = 1.810 KB
[19:56:11.626][info] [#0:script/workspace/loading.lua:101]: Preload file at: file:///home/shared/.local/share/nvim/lazy/base46/lua/base46/themes/falcon.lua , size = 1.580 KB
[19:56:11.628][info] [#0:script/workspace/loading.lua:101]: Preload file at: file:///home/shared/.local/share/nvim/lazy/base46/lua/base46/themes/gatekeeper.lua , size = 1.284 KB
[19:56:11.629][info] [#0:script/workspace/loading.lua:101]: Preload file at: file:///home/shared/.local/share/nvim/lazy/base46/lua/base46/themes/github_dark.lua , size = 2.383 KB
[19:56:11.631][info] [#0:script/workspace/loading.lua:101]: Preload file at: file:///home/shared/.local/share/nvim/lazy/base46/lua/base46/themes/github_light.lua , size = 2.306 KB
[19:56:11.633][info] [#0:script/workspace/loading.lua:101]: Preload file at: file:///home/shared/.local/share/nvim/lazy/base46/lua/base46/themes/gruvbox.lua , size = 1.388 KB
[19:56:11.634][info] [#0:script/workspace/loading.lua:101]: Preload file at: file:///home/shared/.local/share/nvim/lazy/base46/lua/base46/themes/gruvbox_light.lua , size = 1.362 KB
[19:56:11.635][info] [#0:script/workspace/loading.lua:101]: Preload file at: file:///home/shared/.local/share/nvim/lazy/base46/lua/base46/themes/jellybeans.lua , size = 1.279 KB
[19:56:11.637][info] [#0:script/workspace/loading.lua:101]: Preload file at: file:///home/shared/.local/share/nvim/lazy/base46/lua/base46/themes/gruvchad.lua , size = 1.275 KB
[19:56:11.638][info] [#0:script/workspace/loading.lua:101]: Preload file at: file:///home/shared/.local/share/nvim/lazy/base46/lua/base46/themes/kanagawa.lua , size = 1.645 KB
[19:56:11.639][info] [#0:script/workspace/loading.lua:101]: Preload file at: file:///home/shared/.local/share/nvim/lazy/base46/lua/base46/themes/monekai.lua , size = 1.595 KB
[19:56:11.640][info] [#0:script/workspace/loading.lua:101]: Preload file at: file:///home/shared/.local/share/nvim/lazy/base46/lua/base46/themes/melange.lua , size = 1.601 KB
[19:56:11.642][info] [#0:script/workspace/loading.lua:101]: Preload file at: file:///home/shared/.local/share/nvim/lazy/base46/lua/base46/themes/monochrome.lua , size = 1.375 KB
[19:56:11.643][info] [#0:script/workspace/loading.lua:101]: Preload file at: file:///home/shared/.local/share/nvim/lazy/base46/lua/base46/themes/nightfox.lua , size = 1.452 KB
[19:56:11.706][info] [#0:script/workspace/loading.lua:101]: Preload file at: file:///home/shared/.local/share/nvim/lazy/base46/lua/base46/themes/nightlamp.lua , size = 1.174 KB
[19:56:11.707][info] [#0:script/workspace/loading.lua:101]: Preload file at: file:///home/shared/.local/share/nvim/lazy/base46/lua/base46/themes/mountain.lua , size = 1.364 KB
[19:56:11.708][info] [#0:script/workspace/loading.lua:101]: Preload file at: file:///home/shared/.local/share/nvim/lazy/base46/lua/base46/themes/nightowl.lua , size = 1.449 KB
[19:56:11.712][info] [#0:script/workspace/loading.lua:101]: Preload file at: file:///home/shared/.local/share/nvim/lazy/base46/lua/base46/themes/nord.lua , size = 1.398 KB
[19:56:11.714][info] [#0:script/workspace/loading.lua:101]: Preload file at: file:///home/shared/.local/share/nvim/lazy/base46/lua/base46/themes/oceanic-light.lua , size = 1.607 KB
[19:56:11.839][info] [#0:script/workspace/loading.lua:101]: Preload file at: file:///home/shared/.local/share/nvim/lazy/base46/lua/base46/themes/oceanic-next.lua , size = 1.474 KB
[19:56:11.957][info] [#0:script/workspace/loading.lua:101]: Preload file at: file:///home/shared/.local/share/nvim/lazy/base46/lua/base46/themes/one_light.lua , size = 1.731 KB
[19:56:11.978][info] [#0:script/workspace/loading.lua:101]: Preload file at: file:///home/shared/.local/share/nvim/lazy/base46/lua/base46/themes/onedark.lua , size = 1.280 KB
[19:56:11.998][info] [#0:script/workspace/loading.lua:101]: Preload file at: file:///home/shared/.local/share/nvim/lazy/base46/lua/base46/themes/onenord.lua , size = 1.274 KB
[19:56:12.020][info] [#0:script/workspace/loading.lua:101]: Preload file at: file:///home/shared/.local/share/nvim/lazy/base46/lua/base46/themes/onenord_light.lua , size = 1.602 KB
[19:56:12.041][info] [#0:script/workspace/loading.lua:101]: Preload file at: file:///home/shared/.local/share/nvim/lazy/base46/lua/base46/themes/oxocarbon.lua , size = 1.454 KB
[19:56:12.061][info] [#0:script/workspace/loading.lua:101]: Preload file at: file:///home/shared/.local/share/nvim/lazy/base46/lua/base46/themes/palenight.lua , size = 1.526 KB
[19:56:12.083][info] [#0:script/workspace/loading.lua:101]: Preload file at: file:///home/shared/.local/share/nvim/lazy/base46/lua/base46/themes/pastelDark.lua , size = 1.178 KB
[19:56:12.105][info] [#0:script/workspace/loading.lua:101]: Preload file at: file:///home/shared/.local/share/nvim/lazy/base46/lua/base46/themes/pastelbeans.lua , size = 1.201 KB
[19:56:12.126][info] [#0:script/workspace/loading.lua:101]: Preload file at: file:///home/shared/.local/share/nvim/lazy/base46/lua/base46/themes/penumbra_dark.lua , size = 1.694 KB
[19:56:12.146][info] [#0:script/workspace/loading.lua:101]: Preload file at: file:///home/shared/.local/share/nvim/lazy/base46/lua/base46/themes/penumbra_light.lua , size = 1.604 KB
[19:56:12.167][info] [#0:script/workspace/loading.lua:101]: Preload file at: file:///home/shared/.local/share/nvim/lazy/base46/lua/base46/themes/radium.lua , size = 1.403 KB
[19:56:12.190][info] [#0:script/workspace/loading.lua:101]: Preload file at: file:///home/shared/.local/share/nvim/lazy/base46/lua/base46/themes/rosepine.lua , size = 1.288 KB
[19:56:12.191][info] [#0:script/workspace/loading.lua:101]: Preload file at: file:///home/shared/.local/share/nvim/lazy/base46/lua/base46/themes/rxyhn.lua , size = 1.267 KB
[19:56:12.192][info] [#0:script/workspace/loading.lua:101]: Preload file at: file:///home/shared/.local/share/nvim/lazy/base46/lua/base46/themes/solarized_dark.lua , size = 1.300 KB
[19:56:12.193][info] [#0:script/workspace/loading.lua:101]: Preload file at: file:///home/shared/.local/share/nvim/lazy/base46/lua/base46/themes/sweetpastel.lua , size = 1.299 KB
[19:56:12.194][info] [#0:script/workspace/loading.lua:101]: Preload file at: file:///home/shared/.local/share/nvim/lazy/base46/lua/base46/themes/tokyodark.lua , size = 1.248 KB
[19:56:12.196][info] [#0:script/workspace/loading.lua:101]: Preload file at: file:///home/shared/.local/share/nvim/lazy/base46/lua/base46/themes/tokyonight.lua , size = 1.574 KB
[19:56:12.197][info] [#0:script/workspace/loading.lua:101]: Preload file at: file:///home/shared/.local/share/nvim/lazy/base46/lua/base46/themes/tomorrow_night.lua , size = 1.400 KB
[19:56:12.198][info] [#0:script/workspace/loading.lua:101]: Preload file at: file:///home/shared/.local/share/nvim/lazy/base46/lua/base46/themes/vscode_dark.lua , size = 1.718 KB
[19:56:12.200][info] [#0:script/workspace/loading.lua:101]: Preload file at: file:///home/shared/.local/share/nvim/lazy/base46/lua/base46/themes/tundra.lua , size = 1.817 KB
[19:56:12.201][info] [#0:script/workspace/loading.lua:89]: Skip loaded file: file:///home/shared/.local/share/nvim/lazy/base46/lua/base46/themes/vscode_real.lua
[19:56:12.201][info] [#0:script/workspace/loading.lua:101]: Preload file at: file:///home/shared/.local/share/nvim/lazy/base46/lua/base46/themes/wombat.lua , size = 1.311 KB
[19:56:12.202][info] [#0:script/workspace/loading.lua:101]: Preload file at: file:///home/shared/.local/share/nvim/lazy/base46/lua/base46/themes/yoru.lua , size = 1.200 KB
[19:56:12.204][info] [#0:script/workspace/loading.lua:173]: Loaded files takes [1.846] sec: file:///home/shared/.local/share/nvim/lazy/base46
[19:56:12.204][info] [#0:script/workspace/loading.lua:182]: Compile files takes [0.000] sec: file:///home/shared/.local/share/nvim/lazy/base46
[19:56:12.204][info] [#0:script/workspace/loading.lua:183]: Loaded finish:	file:///home/shared/.local/share/nvim/lazy/base46
[19:56:12.204][info] [#0:script/workspace/workspace.lua:379]: Preload finish at:	file:///home/shared/.local/share/nvim/lazy/base46
[19:56:12.240][info] [#0:script/provider/diagnostic.lua:557]: Diagnostics scope [file:///home/shared/.local/share/nvim/lazy/base46], files count:[192]
[19:56:12.240][warn] [#0:script/proto/proto.lua:187]: Method [textDocument/didOpen] takes [1.961]sec. {
  jsonrpc = "2.0",
  method = "textDocument/didOpen",
  params = {
    textDocument = {
      languageId = "lua",
      text = '"***"',
      uri = "file:///home/shared/.local/share/nvim/lazy/base46/lua/base46/themes/vscode_real.lua",
      version = 0
    }
  }
}
[19:56:13.153][info] [#0:script/provider/diagnostic.lua:574]: Diagnostics scope [file:///home/shared/.local/share/nvim/lazy/base46] finished, takes [0.902] sec.
[19:58:35.297][info] [#0:script/provider/provider.lua:169]: Server shutdown.
[19:58:35.297][warn] [#0:script/pub/report.lua:25]: Load proto error:	Disconnected!
